#
# A fatal error has been detected by the Java Runtime Environment:
#
#  EXCEPTION_ACCESS_VIOLATION (0xc0000005) at pc=0x000002cd2c570fa4, pid=15524, tid=23096
#
# JRE version: Java(TM) SE Runtime Environment (21.0+35) (build 21+35-LTS-2513)
# Java VM: Java HotSpot(TM) 64-Bit Server VM (21+35-LTS-2513, mixed mode, emulated-client, sharing, tiered, compressed oops, compressed class ptrs, g1 gc, windows-amd64)
# Problematic frame:
# v  ~BufferBlob::MethodHandles adapters 0x000002cd2c570fa4
#
# No core dump will be written. Minidumps are not enabled by default on client versions of Windows
#
# If you would like to submit a bug report, please visit:
#   https://bugreport.java.com/bugreport/crash.jsp
#

---------------  S U M M A R Y ------------

Command Line: -XX:+ShowCodeDetailsInExceptionMessages -agentlib:jdwp=transport=dt_socket,suspend=y,address=localhost:56684 -Dcom.sun.management.jmxremote -Dcom.sun.management.jmxremote.port=56683 -Dcom.sun.management.jmxremote.authenticate=false -Dcom.sun.management.jmxremote.ssl=false -Djava.rmi.server.hostname=localhost -Dspring.jmx.enabled=true -Dmanagement.endpoints.jmx.exposure.include=* -Dspring.application.admin.enabled=true -DPORT=8011 -XX:TieredStopAtLevel=1 -Dspring.boot.project.name=catalogo -javaagent:C:\Archivos\eclipse\configuration\org.eclipse.osgi\4814\0\.cp\lib\javaagent-shaded.jar -Dfile.encoding=UTF-8 -Dstdout.encoding=UTF-8 -Dstderr.encoding=UTF-8 com.example.CatalogoApplication --spring.output.ansi.enabled=always

Host: Intel(R) Core(TM) i7-8550U CPU @ 1.80GHz, 8 cores, 31G,  Windows 11 , 64 bit Build 22621 (10.0.22621.4391)
Time: Fri Nov 22 20:12:56 2024 Hora estándar romance elapsed time: 269.703577 seconds (0d 0h 4m 29s)

---------------  T H R E A D  ---------------

Current thread (0x000002cd0b3fbe80):  JavaThread "http-nio-8011-exec-1" daemon [_thread_in_Java, id=23096, stack(0x000000f23ec00000,0x000000f23ed00000) (1024K)]

Stack: [0x000000f23ec00000,0x000000f23ed00000],  sp=0x000000f23ecf90e8,  free space=996k
Native frames: (J=compiled Java code, j=interpreted, Vv=VM code, C=native code)
C  0x000002cd2c570fa4

The last pc belongs to _linkToVirtual (printed below).

siginfo: EXCEPTION_ACCESS_VIOLATION (0xc0000005), reading address 0xffffffffffffffff


Registers:
RAX=0x000002cd2c54958b, RBX=0x000000060cc49a50, RCX=0x000000f23ecf90f8, RDX=0x0000000000000003
RSP=0x000000f23ecf90e8, RBP=0x000000f23ecf9140, RSI=0x000002cd06f6edd8, RDI=0x000002cd06e5cb10
R8 =0x0000000000000004, R9 =0x0000000000000004, R10=0x000002cd3db80273, R11=0xc1a5b78f00000006
R12=0x0000000000000000, R13=0x000000f23ecf90e8, R14=0x000000f23ecf9168, R15=0x000002cd0b3fbe80
RIP=0x000002cd2c570fa4, EFLAGS=0x0000000000010202


Register to memory mapping:

RAX=0x000002cd2c54958b is at code_begin+4363 in an Interpreter codelet
return entry points  [0x000002cd2c548480, 0x000002cd2c54a298]  7704 bytes
RBX=0x000000060cc49a50 is an oop: com.example.domains.entities.Film 
{0x000000060cc49a50} - klass: 'com/example/domains/entities/Film'
 - ---- fields (total size 9 words):
 - private 'filmId' 'I' @12  1001 (0x000003e9)
 - private 'rentalDuration' 'B' @16  6 (0x06)
 - private 'description' 'Ljava/lang/String;' @20  "A Epic Drama of a Feminist And a Mad Scientist who must Battle a Teacher in The Canadian Rockies"{0x000000060d2dbc78} (0xc1a5b78f)
 - private 'lastUpdate' 'Ljava/sql/Timestamp;' @24  null (0x00000000)
 - private 'length' 'Ljava/lang/Integer;' @28  a 'java/lang/Integer'{0x0000000602963198} = 86 (0xc052c633)
 - private 'rating' 'Lcom/example/domains/entities/Film$Rating;' @32  a 'com/example/domains/entities/Film$Rating'{0x0000000608081d00} (0xc10103a0)
 - private 'releaseYear' 'Ljava/lang/Short;' @36  a 'java/lang/Short'{0x000000060d2dcff0} = 2006 (0xc1a5b9fe)
 - private 'rentalRate' 'Ljava/math/BigDecimal;' @40  a 'java/math/BigDecimal'{0x000000060d2de638} (0xc1a5bcc7)
 - private 'replacementCost' 'Ljava/math/BigDecimal;' @44  a 'java/math/BigDecimal'{0x000000060d2ded20} (0xc1a5bda4)
 - private 'title' 'Ljava/lang/String;' @48  "ACADEMY DINOSAUR----"{0x000000060d2df330} (0xc1a5be66)
 - private 'specialFeatures' 'Ljava/util/Set;' @52  a 'java/util/RegularEnumSet'{0x000000060cc49ab8} (0xc1989357)
 - private 'language' 'Lcom/example/domains/entities/Language;' @56  a 'com/example/domains/entities/Language'{0x000000060cc49a98} (0xc1989353)
 - private 'languageVO' 'Lcom/example/domains/entities/Language;' @60  null (0x00000000)
 - private 'filmActors' 'Ljava/util/List;' @64  a 'java/util/ArrayList'{0x000000060cc49ad8} (0xc198935b)
 - private 'filmCategories' 'Ljava/util/List;' @68  a 'java/util/ArrayList'{0x000000060cc49af0} (0xc198935e)
RCX=0x000000f23ecf90f8 is pointing into the stack for thread: 0x000002cd0b3fbe80
RDX=0x0000000000000003 is an unknown value
RSP=0x000000f23ecf90e8 is pointing into the stack for thread: 0x000002cd0b3fbe80
RBP=0x000000f23ecf9140 is pointing into the stack for thread: 0x000002cd0b3fbe80
RSI=0x000002cd06f6edd8 points into unknown readable memory: 0x88001fcdf9e4dc27 | 27 dc e4 f9 cd 1f 00 88
RDI=0x000002cd06e5cb10 points into unknown readable memory: 0x0000002000000070 | 70 00 00 00 20 00 00 00
R8 =0x0000000000000004 is an unknown value
R9 =0x0000000000000004 is an unknown value
R10=0x000002cd3db80273 is pointing into metadata
R11=0xc1a5b78f00000006 is an unknown value
R12=0x0 is null
R13=0x000000f23ecf90e8 is pointing into the stack for thread: 0x000002cd0b3fbe80
R14=0x000000f23ecf9168 is pointing into the stack for thread: 0x000002cd0b3fbe80
R15=0x000002cd0b3fbe80 is a thread

Top of Stack: (sp=0x000000f23ecf90e8)
0x000000f23ecf90e8:   000002cd2c54958b 0000000607888178
0x000000f23ecf90f8:   000000f23ecf90f8 000002cd00b80273
0x000000f23ecf9108:   0000000000000005 000002cd00b803c0
0x000000f23ecf9118:   0000000605402b78 0000000602ae4258
0x000000f23ecf9128:   000002cd00b80280 000000f23ecf90e8
0x000000f23ecf9138:   000000f23ecf9170 000000f23ecf94a0
0x000000f23ecf9148:   000002cd2cdbf2bf 000000060cc57d60
0x000000f23ecf9158:   000000060cc49a50 0000000607888178
0x000000f23ecf9168:   000000060cc57eb0 00000006054002b0
0x000000f23ecf9178:   000002cd2c90269e 0000000000000026
0x000000f23ecf9188:   00000006054002b0 000000060cc581c0
0x000000f23ecf9198:   0000000607888178 000000060cc58170
0x000000f23ecf91a8:   000000060cc49a50 000000060cc49a50
0x000000f23ecf91b8:   000000060cc58078 000000060cc57eb0
0x000000f23ecf91c8:   0000000607888178 000002cd2cdbf1dc
0x000000f23ecf91d8:   000002cd2dcffc3c 000000f23ecf94a0
0x000000f23ecf91e8:   000002cd2d0b443a 0000000600000000
0x000000f23ecf91f8:   00000006080dc878 00000006054002b0
0x000000f23ecf9208:   000000060cc581f0 000000060cc581c0
0x000000f23ecf9218:   0000000b00000001 00000006054002b0
0x000000f23ecf9228:   0000000602e49a90 0000000607d61c50
0x000000f23ecf9238:   00000006082b5b08 000000f23ecf94a0
0x000000f23ecf9248:   000002cd2c99b374 000000f23ecf9230
0x000000f23ecf9258:   000002cd2c54958b 000000f23ecf94a0
0x000000f23ecf9268:   000002cd2d338174 0000000000000000
0x000000f23ecf9278:   0000000000000000 0000000000000000
0x000000f23ecf9288:   0000000000000000 0000000000000000
0x000000f23ecf9298:   0000000000000000 000000060cc581f0
0x000000f23ecf92a8:   000000060cc55578 0000000607888178
0x000000f23ecf92b8:   000002cd0b3fbe00 00000006080dc878
0x000000f23ecf92c8:   0000000602210058 00000006080dc878
0x000000f23ecf92d8:   0000000600000000 0000000000000000 

Instructions: (pc=0x000002cd2c570fa4)
0x000002cd2c570ea4:   cd 02 00 00 00 0f 57 2c cd 02 00 00 80 1f 57 2c
0x000002cd2c570eb4:   cd 02 00 00 f0 0e 57 2c cd 02 00 00 f0 0e 57 2c
0x000002cd2c570ec4:   cd 02 00 00 00 00 00 00 00 00 00 00 d8 1f fa 23
0x000002cd2c570ed4:   ff 7f 00 00 f0 10 00 00 60 00 00 00 ff ff ff ff
0x000002cd2c570ee4:   f0 10 00 00 00 00 00 00 00 00 00 00 00 00 00 00
0x000002cd2c570ef4:   00 00 00 00 00 00 00 00 00 00 00 00 f4 66 66 66
0x000002cd2c570f04:   0f 1f 84 00 00 00 00 00 66 66 66 90 66 66 66 0f
0x000002cd2c570f14:   1f 84 00 00 00 00 00 66 66 66 90 90 48 8b 53 08
0x000002cd2c570f24:   0f b7 52 2e 48 8b 0c d4 8b 59 14 48 c1 e3 03 8b
0x000002cd2c570f34:   5b 28 48 c1 e3 03 8b 5b 24 48 c1 e3 03 48 8b 5b
0x000002cd2c570f44:   10 48 85 db 0f 84 10 00 00 00 41 80 bf e0 05 00
0x000002cd2c570f54:   00 00 74 03 ff 63 38 ff 63 50 e9 9d 16 00 00 66
0x000002cd2c570f64:   66 66 0f 1f 84 00 00 00 00 00 66 66 66 90 66 66
0x000002cd2c570f74:   0f 1f 84 00 00 00 00 00 66 66 66 90 48 8b 53 08
0x000002cd2c570f84:   0f b7 52 2e 48 8b 0c d4 58 5b 50 44 8b 51 08 49
0x000002cd2c570f94:   bb 00 00 00 3d cd 02 00 00 4d 03 d3 4c 8b 5b 10
0x000002cd2c570fa4:   4b 8b 9c da c8 01 00 00 48 85 db 0f 84 10 00 00
0x000002cd2c570fb4:   00 41 80 bf e0 05 00 00 00 74 03 ff 63 38 ff 63
0x000002cd2c570fc4:   50 e9 36 16 00 00 66 66 66 0f 1f 84 00 00 00 00
0x000002cd2c570fd4:   00 66 66 66 90 0f 1f 80 00 00 00 00 58 5b 50 8b
0x000002cd2c570fe4:   5b 24 48 c1 e3 03 48 8b 5b 10 48 85 db 0f 84 10
0x000002cd2c570ff4:   00 00 00 41 80 bf e0 05 00 00 00 74 03 ff 63 38
0x000002cd2c571004:   ff 63 50 e9 f4 15 00 00 66 66 66 0f 1f 84 00 00
0x000002cd2c571014:   00 00 00 66 66 66 90 0f 1f 44 00 00 48 8b 53 08
0x000002cd2c571024:   0f b7 52 2e 48 8b 0c d4 58 5b 50 48 3b 01 8b 5b
0x000002cd2c571034:   24 48 c1 e3 03 48 8b 5b 10 48 85 db 0f 84 10 00
0x000002cd2c571044:   00 00 41 80 bf e0 05 00 00 00 74 03 ff 63 38 ff
0x000002cd2c571054:   63 50 e9 a5 15 00 00 0f 1f 44 00 00 48 8b 53 08
0x000002cd2c571064:   0f b7 52 2e 48 8b 0c d4 58 5b 50 44 8b 51 08 49
0x000002cd2c571074:   bb 00 00 00 3d cd 02 00 00 4d 03 d3 8b 43 18 48
0x000002cd2c571084:   c1 e0 03 48 8b 40 10 48 8b 5b 10 45 8b 9a a0 00
0x000002cd2c571094:   00 00 4f 8d 9c da c8 01 00 00 4d 8d 14 da 49 8b 


Stack slot to memory mapping:

stack at sp + 0 slots: 0x000002cd2c54958b is at code_begin+4363 in an Interpreter codelet
return entry points  [0x000002cd2c548480, 0x000002cd2c54a298]  7704 bytes
stack at sp + 1 slots: 0x0000000607888178 is an oop: com.example.domains.services.FilmServiceImpl 
{0x0000000607888178} - klass: 'com/example/domains/services/FilmServiceImpl'
 - ---- fields (total size 2 words):
 - private 'dao' 'Lcom/example/domains/contracts/repositories/FilmRepository;' @12  a 'jdk/proxy5/$Proxy277'{0x0000000607e166d8} (0xc0fc2cdb)
stack at sp + 2 slots: 0x000000f23ecf90f8 is pointing into the stack for thread: 0x000002cd0b3fbe80
stack at sp + 3 slots: 0x000002cd00b80273 is pointing into metadata
stack at sp + 4 slots: 0x0000000000000005 is an unknown value
stack at sp + 5 slots: 0x000002cd00b803c0 is pointing into metadata
stack at sp + 6 slots: 0x0000000605402b78 is an oop: java.lang.Class 
{0x0000000605402b78} - klass: 'java/lang/Class'
 - ---- fields (total size 15 words):
 - private volatile transient 'classRedefinedCount' 'I' @12  0 (0x00000000)
 - injected 'klass' 'J' @16  3080547658552 (0x000002cd3ef2eb38)
 - injected 'array_klass' 'J' @24  0 (0x0000000000000000)
 - injected 'oop_size' 'I' @32  15 (0x0000000f)
 - injected 'static_oop_field_count' 'I' @36  0 (0x00000000)
 - private volatile transient 'cachedConstructor' 'Ljava/lang/reflect/Constructor;' @40  null (0x00000000)
 - private transient 'name' 'Ljava/lang/String;' @44  "com.example.domains.entities.Film"{0x000000060324e5f8} (0xc0649cbf)
 - private transient 'module' 'Ljava/lang/Module;' @48  a 'java/lang/Module'{0x00000006054000b8} (0xc0a80017)
 - private final 'classLoader' 'Ljava/lang/ClassLoader;' @52  a 'org/springframework/boot/devtools/restart/classloader/RestartClassLoader'{0x0000000605400890} (0xc0a80112)
 - private transient 'classData' 'Ljava/lang/Object;' @56  null (0x00000000)
 - private transient 'packageName' 'Ljava/lang/String;' @60  "com.example.domains.entities"{0x000000060322ec48} (0xc0645d89)
 - private final 'componentType' 'Ljava/lang/Class;' @64  null (0x00000000)
 - private volatile transient 'reflectionData' 'Ljava/lang/ref/SoftReference;' @68  a 'java/lang/ref/SoftReference'{0x00000006078abb48} (0xc0f15769)
 - private volatile transient 'genericInfo' 'Lsun/reflect/generics/repository/ClassRepository;' @72  a 'sun/reflect/generics/repository/ClassRepository'{0x0000000605402fc8} (0xc0a805f9)
 - private volatile transient 'enumConstants' '[Ljava/lang/Object;' @76  null (0x00000000)
 - private volatile transient 'enumConstantDirectory' 'Ljava/util/Map;' @80  null (0x00000000)
 - private volatile transient 'annotationData' 'Ljava/lang/Class$AnnotationData;' @84  a 'java/lang/Class$AnnotationData'{0x00000006078ad218} (0xc0f15a43)
 - private volatile transient 'annotationType' 'Lsun/reflect/annotation/AnnotationType;' @88  null (0x00000000)
 - transient 'classValueMap' 'Ljava/lang/ClassValue$ClassValueMap;' @92  a 'java/lang/ClassValue$ClassValueMap'{0x00000006078ad6f0} (0xc0f15ade)
 - injected 'protection_domain' 'Ljava/lang/Object;' @96  a 'java/security/ProtectionDomain'{0x00000006054021f0} (0xc0a8043e)
 - injected 'signers_name' 'Ljava/lang/Object;' @100  null (0x00000000)
 - injected 'source_file' 'Ljava/lang/Object;' @104  null (0x00000000)
 - signature: Lcom/example/domains/entities/Film;
 - ---- static fields (0):
 - private static final 'serialVersionUID' 'J' @112  1 (0x0000000000000001)
stack at sp + 7 slots: 0x0000000602ae4258 is an oop: java.lang.Class 
{0x0000000602ae4258} - klass: 'java/lang/Class'
 - ---- fields (total size 15 words):
 - private volatile transient 'classRedefinedCount' 'I' @12  0 (0x00000000)
 - injected 'klass' 'J' @16  3080533742592 (0x000002cd3e1e9400)
 - injected 'array_klass' 'J' @24  0 (0x0000000000000000)
 - injected 'oop_size' 'I' @32  15 (0x0000000f)
 - injected 'static_oop_field_count' 'I' @36  1 (0x00000001)
 - private volatile transient 'cachedConstructor' 'Ljava/lang/reflect/Constructor;' @40  null (0x00000000)
 - private transient 'name' 'Ljava/lang/String;' @44  null (0x00000000)
 - private transient 'module' 'Ljava/lang/Module;' @48  a 'java/lang/Module'{0x00000006021966c0} (0xc0432cd8)
 - private final 'classLoader' 'Ljava/lang/ClassLoader;' @52  null (0x00000000)
 - private transient 'classData' 'Ljava/lang/Object;' @56  a 'java/lang/invoke/LambdaForm'{0x0000000602c7fcd0} => a 'java/lang/invoke/MemberName'{0x0000000602c7fe00} = {method} {0x000002cd00b80288} 'invokeVirtual' '(Ljava/lang/Object;Ljava/lang/Object;Ljava/lang/Object;)Ljava/lang/Object;' in 'java/lang/invoke/LambdaForm$DMH+0x000002cd3e1e9400' (0xc058ff9a)
 - private transient 'packageName' 'Ljava/lang/String;' @60  null (0x00000000)
 - private final 'componentType' 'Ljava/lang/Class;' @64  null (0x00000000)
 - private volatile transient 'reflectionData' 'Ljava/lang/ref/SoftReference;' @68  null (0x00000000)
 - private volatile transient 'genericInfo' 'Lsun/reflect/generics/repository/ClassRepository;' @72  null (0x00000000)
 - private volatile transient 'enumConstants' '[Ljava/lang/Object;' @76  null (0x00000000)
 - private volatile transient 'enumConstantDirectory' 'Ljava/util/Map;' @80  null (0x00000000)
 - private volatile transient 'annotationData' 'Ljava/lang/Class$AnnotationData;' @84  null (0x00000000)
 - private volatile transient 'annotationType' 'Lsun/reflect/annotation/AnnotationType;' @88  null (0x00000000)
 - transient 'classValueMap' 'Ljava/lang/ClassValue$ClassValueMap;' @92  null (0x00000000)
 - injected 'protection_domain' 'Ljava/lang/Object;' @96  null (0x00000000)
 - injected 'signers_name' 'Ljava/lang/Object;' @100  null (0x00000000)
 - injected 'source_file' 'Ljava/lang/Object;' @104  null (0x00000000)
 - signature: Ljava/lang/invoke/LambdaForm$DMH+0x000002cd3e1e9400;
 - ---- static fields (1):
 - static final '_D_0' 'Ljava/lang/invoke/LambdaForm;' @112  a 'java/lang/invoke/LambdaForm'{0x0000000602c7fcd0} => a 'java/lang/invoke/MemberName'{0x0000000602c7fe00} = {method} {0x000002cd00b80288} 'invokeVirtual' '(Ljava/lang/Object;Ljava/lang/Object;Ljava/lang/Object;)Ljava/lang/Object;' in 'java/lang/invoke/LambdaForm$DMH+0x000002cd3e1e9400' (0xc058ff9a)

MethodHandle::interpreter_entry::_linkToVirtual [0x000002cd2c570f63, 0x000002cd2c570fca] (103 bytes)
[MachCode]
  0x000002cd2c570f63: 6666 660f | 1f84 0000 | 0000 0066 | 6666 9066 | 660f 1f84 | 0000 0000 | 0066 6666 | 9048 8b53 
  0x000002cd2c570f83: 080f b752 | 2e48 8b0c | d458 5b50 | 448b 5108 | 49bb 0000 | 003d cd02 | 0000 4d03 | d34c 8b5b 
  0x000002cd2c570fa3: 104b 8b9c | dac8 0100 | 0048 85db | 0f84 1000 | 0000 4180 | bfe0 0500 | 0000 7403 | ff63 38ff 
  0x000002cd2c570fc3: 6350 e936 | 
[/MachCode]

---------------  P R O C E S S  ---------------

Threads class SMR info:
_java_thread_list=0x000002cd0c027e30, length=51, elements={
0x000002cd3c0ae110, 0x000002cd3c0b0b80, 0x000002cd3c0b6450, 0x000002cd3c0ba710,
0x000002cd3c0bb170, 0x000002cd3c0bbbd0, 0x000002cd3c0c79a0, 0x000002cd3c218660,
0x000002cd3c2a43c0, 0x000002cd3c2aac70, 0x000002cd3c2ab2f0, 0x000002cd7e6c34d0,
0x000002cd7e8709a0, 0x000002cd7e882ef0, 0x000002cd7e8a50a0, 0x000002cd7ee41490,
0x000002cd7ee4a730, 0x000002cd7ee808d0, 0x000002cd058dcc50, 0x000002cd058dab80,
0x000002cd0b4006b0, 0x000002cd0b3fc510, 0x000002cd0b3fa440, 0x000002cd0b3fb160,
0x000002cd0b400020, 0x000002cd7ee80240, 0x000002cd7ee83030, 0x000002cd7ee7fbb0,
0x000002cd7ee80f60, 0x000002cd058d7700, 0x000002cd058dbf30, 0x000002cd058d8ab0,
0x000002cd058db210, 0x000002cd058de000, 0x000002cd058d7070, 0x000002cd058dd970,
0x000002cd058de690, 0x000002cd0b3fbe80, 0x000002cd0b3fd230, 0x000002cd0b3fd8c0,
0x000002cd0b400d40, 0x000002cd0b3f9db0, 0x000002cd0b3fdf50, 0x000002cd0b3ff300,
0x000002cd0b3fe5e0, 0x000002cd0b3fec70, 0x000002cd0b3ff990, 0x000002cd0c45a420,
0x000002cd0c45d8a0, 0x000002cd0c45df30, 0x000002cd0c459d90
}

Java Threads: ( => current thread )
  0x000002cd3c0ae110 JavaThread "Reference Handler"          daemon [_thread_blocked, id=20892, stack(0x000000f23ba00000,0x000000f23bb00000) (1024K)]
  0x000002cd3c0b0b80 JavaThread "Finalizer"                  daemon [_thread_blocked, id=5228, stack(0x000000f23bb00000,0x000000f23bc00000) (1024K)]
  0x000002cd3c0b6450 JavaThread "Signal Dispatcher"          daemon [_thread_blocked, id=23680, stack(0x000000f23bc00000,0x000000f23bd00000) (1024K)]
  0x000002cd3c0ba710 JavaThread "Attach Listener"            daemon [_thread_blocked, id=11112, stack(0x000000f23bd00000,0x000000f23be00000) (1024K)]
  0x000002cd3c0bb170 JavaThread "Service Thread"             daemon [_thread_blocked, id=2568, stack(0x000000f23be00000,0x000000f23bf00000) (1024K)]
  0x000002cd3c0bbbd0 JavaThread "Monitor Deflation Thread"   daemon [_thread_blocked, id=7992, stack(0x000000f23bf00000,0x000000f23c000000) (1024K)]
  0x000002cd3c0c79a0 JavaThread "C1 CompilerThread0"         daemon [_thread_blocked, id=23052, stack(0x000000f23c000000,0x000000f23c100000) (1024K)]
  0x000002cd3c218660 JavaThread "Common-Cleaner"             daemon [_thread_blocked, id=22880, stack(0x000000f23c100000,0x000000f23c200000) (1024K)]
  0x000002cd3c2a43c0 JavaThread "JDWP Transport Listener: dt_socket" daemon [_thread_blocked, id=22372, stack(0x000000f23c500000,0x000000f23c600000) (1024K)]
  0x000002cd3c2aac70 JavaThread "JDWP Event Helper Thread"   daemon [_thread_blocked, id=21280, stack(0x000000f23c600000,0x000000f23c700000) (1024K)]
  0x000002cd3c2ab2f0 JavaThread "JDWP Command Reader"        daemon [_thread_in_native, id=15188, stack(0x000000f23c700000,0x000000f23c800000) (1024K)]
  0x000002cd7e6c34d0 JavaThread "Notification Thread"        daemon [_thread_blocked, id=9636, stack(0x000000f23c800000,0x000000f23c900000) (1024K)]
  0x000002cd7e8709a0 JavaThread "RMI TCP Accept-0"           daemon [_thread_in_native, id=13952, stack(0x000000f23d000000,0x000000f23d100000) (1024K)]
  0x000002cd7e882ef0 JavaThread "RMI TCP Accept-56683"       daemon [_thread_in_native, id=17212, stack(0x000000f23d100000,0x000000f23d200000) (1024K)]
  0x000002cd7e8a50a0 JavaThread "RMI TCP Accept-0"           daemon [_thread_in_native, id=14640, stack(0x000000f23d200000,0x000000f23d300000) (1024K)]
  0x000002cd7ee41490 JavaThread "RMI Scheduler(0)"           daemon [_thread_blocked, id=7660, stack(0x000000f23d400000,0x000000f23d500000) (1024K)]
  0x000002cd7ee4a730 JavaThread "JMX server connection timeout 38" daemon [_thread_blocked, id=5400, stack(0x000000f23d600000,0x000000f23d700000) (1024K)]
  0x000002cd7ee808d0 JavaThread "mysql-cj-abandoned-connection-cleanup" daemon [_thread_blocked, id=11132, stack(0x000000f23dd00000,0x000000f23de00000) (1024K)]
  0x000002cd058dcc50 JavaThread "Thread-7"                   daemon [_thread_blocked, id=8036, stack(0x000000f23e200000,0x000000f23e300000) (1024K)]
  0x000002cd058dab80 JavaThread "spectator-gauge-polling-0"  daemon [_thread_blocked, id=19680, stack(0x000000f23e300000,0x000000f23e400000) (1024K)]
  0x000002cd0b4006b0 JavaThread "DestroyJavaVM"                     [_thread_blocked, id=6520, stack(0x000000f23b200000,0x000000f23b300000) (1024K)]
  0x000002cd0b3fc510 JavaThread "RMI TCP Connection(6)-127.0.0.1" daemon [_thread_in_native, id=5212, stack(0x000000f23d800000,0x000000f23d900000) (1024K)]
  0x000002cd0b3fa440 JavaThread "JMX server connection timeout 81" daemon [_thread_blocked, id=17664, stack(0x000000f23f600000,0x000000f23f700000) (1024K)]
  0x000002cd0b3fb160 JavaThread "ForkJoinPool.commonPool-worker-2" daemon [_thread_blocked, id=5420, stack(0x000000f23fb00000,0x000000f23fc00000) (1024K)]
  0x000002cd0b400020 JavaThread "ForkJoinPool.commonPool-worker-3" daemon [_thread_blocked, id=23276, stack(0x000000f23fc00000,0x000000f23fd00000) (1024K)]
  0x000002cd7ee80240 JavaThread "Catalina-utility-1"                [_thread_blocked, id=15152, stack(0x000000f23c300000,0x000000f23c400000) (1024K)]
  0x000002cd7ee83030 JavaThread "Catalina-utility-2"                [_thread_blocked, id=17964, stack(0x000000f23c400000,0x000000f23c500000) (1024K)]
  0x000002cd7ee7fbb0 JavaThread "container-0"                       [_thread_blocked, id=20484, stack(0x000000f23d300000,0x000000f23d400000) (1024K)]
  0x000002cd7ee80f60 JavaThread "HikariPool-2 housekeeper"   daemon [_thread_blocked, id=21964, stack(0x000000f23d500000,0x000000f23d600000) (1024K)]
  0x000002cd058d7700 JavaThread "spring.cloud.inetutils"     daemon [_thread_blocked, id=2872, stack(0x000000f23df00000,0x000000f23e000000) (1024K)]
  0x000002cd058dbf30 JavaThread "File Watcher"               daemon [_thread_blocked, id=16868, stack(0x000000f23e000000,0x000000f23e100000) (1024K)]
  0x000002cd058d8ab0 JavaThread "RMI TCP Connection(idle)"   daemon [_thread_blocked, id=17076, stack(0x000000f23e400000,0x000000f23e500000) (1024K)]
  0x000002cd058db210 JavaThread "AsyncResolver-bootstrap-%d" daemon [_thread_blocked, id=10104, stack(0x000000f23e700000,0x000000f23e800000) (1024K)]
  0x000002cd058de000 JavaThread "AsyncReporter{ZipkinRestTemplateSender{http://localhost:9411/api/v2/spans}}" daemon [_thread_blocked, id=9468, stack(0x000000f23e800000,0x000000f23e900000) (1024K)]
  0x000002cd058d7070 JavaThread "DiscoveryClient-%d"         daemon [_thread_blocked, id=22776, stack(0x000000f23e900000,0x000000f23ea00000) (1024K)]
  0x000002cd058dd970 JavaThread "DiscoveryClient-%d"         daemon [_thread_blocked, id=13100, stack(0x000000f23ea00000,0x000000f23eb00000) (1024K)]
  0x000002cd058de690 JavaThread "DiscoveryClient-InstanceInfoReplicator-%d" daemon [_thread_blocked, id=23088, stack(0x000000f23eb00000,0x000000f23ec00000) (1024K)]
=>0x000002cd0b3fbe80 JavaThread "http-nio-8011-exec-1"       daemon [_thread_in_Java, id=23096, stack(0x000000f23ec00000,0x000000f23ed00000) (1024K)]
  0x000002cd0b3fd230 JavaThread "http-nio-8011-exec-2"       daemon [_thread_blocked, id=22384, stack(0x000000f23ed00000,0x000000f23ee00000) (1024K)]
  0x000002cd0b3fd8c0 JavaThread "http-nio-8011-exec-3"       daemon [_thread_blocked, id=17420, stack(0x000000f23ee00000,0x000000f23ef00000) (1024K)]
  0x000002cd0b400d40 JavaThread "http-nio-8011-exec-4"       daemon [_thread_blocked, id=4256, stack(0x000000f23ef00000,0x000000f23f000000) (1024K)]
  0x000002cd0b3f9db0 JavaThread "http-nio-8011-exec-5"       daemon [_thread_blocked, id=10476, stack(0x000000f23f000000,0x000000f23f100000) (1024K)]
  0x000002cd0b3fdf50 JavaThread "http-nio-8011-exec-6"       daemon [_thread_blocked, id=8284, stack(0x000000f23f100000,0x000000f23f200000) (1024K)]
  0x000002cd0b3ff300 JavaThread "http-nio-8011-exec-7"       daemon [_thread_blocked, id=16196, stack(0x000000f23f200000,0x000000f23f300000) (1024K)]
  0x000002cd0b3fe5e0 JavaThread "http-nio-8011-exec-8"       daemon [_thread_blocked, id=20604, stack(0x000000f23f300000,0x000000f23f400000) (1024K)]
  0x000002cd0b3fec70 JavaThread "http-nio-8011-exec-9"       daemon [_thread_blocked, id=12680, stack(0x000000f23f400000,0x000000f23f500000) (1024K)]
  0x000002cd0b3ff990 JavaThread "http-nio-8011-exec-10"      daemon [_thread_blocked, id=18000, stack(0x000000f23f700000,0x000000f23f800000) (1024K)]
  0x000002cd0c45a420 JavaThread "http-nio-8011-Poller"       daemon [_thread_in_native, id=24196, stack(0x000000f23f800000,0x000000f23f900000) (1024K)]
  0x000002cd0c45d8a0 JavaThread "http-nio-8011-Acceptor"     daemon [_thread_in_native, id=2812, stack(0x000000f23f900000,0x000000f23fa00000) (1024K)]
  0x000002cd0c45df30 JavaThread "DiscoveryClient-CacheRefreshExecutor-%d" daemon [_thread_blocked, id=8632, stack(0x000000f23af00000,0x000000f23b000000) (1024K)]
  0x000002cd0c459d90 JavaThread "DiscoveryClient-HeartbeatExecutor-%d" daemon [_thread_blocked, id=22256, stack(0x000000f23b000000,0x000000f23b100000) (1024K)]
Total: 51

Other Threads:
  0x000002cd3c08bf90 VMThread "VM Thread"                           [id=10556, stack(0x000000f23b900000,0x000000f23ba00000) (1024K)]
  0x000002cd397e40f0 WatcherThread "VM Periodic Task Thread"        [id=11444, stack(0x000000f23b800000,0x000000f23b900000) (1024K)]
  0x000002cd2417d0b0 WorkerThread "GC Thread#0"                     [id=16336, stack(0x000000f23b300000,0x000000f23b400000) (1024K)]
  0x000002cd7e7fe120 WorkerThread "GC Thread#1"                     [id=5712, stack(0x000000f23c900000,0x000000f23ca00000) (1024K)]
  0x000002cd7e7fe4c0 WorkerThread "GC Thread#2"                     [id=17844, stack(0x000000f23ca00000,0x000000f23cb00000) (1024K)]
  0x000002cd7e7fe860 WorkerThread "GC Thread#3"                     [id=13588, stack(0x000000f23cb00000,0x000000f23cc00000) (1024K)]
  0x000002cd7e7fec00 WorkerThread "GC Thread#4"                     [id=13216, stack(0x000000f23cc00000,0x000000f23cd00000) (1024K)]
  0x000002cd7e7f2b20 WorkerThread "GC Thread#5"                     [id=4928, stack(0x000000f23cd00000,0x000000f23ce00000) (1024K)]
  0x000002cd7e7f32d0 WorkerThread "GC Thread#6"                     [id=24404, stack(0x000000f23ce00000,0x000000f23cf00000) (1024K)]
  0x000002cd7e7f3670 WorkerThread "GC Thread#7"                     [id=8620, stack(0x000000f23cf00000,0x000000f23d000000) (1024K)]
  0x000002cd241909c0 ConcurrentGCThread "G1 Main Marker"            [id=2504, stack(0x000000f23b400000,0x000000f23b500000) (1024K)]
  0x000002cd24191360 WorkerThread "G1 Conc#0"                       [id=6828, stack(0x000000f23b500000,0x000000f23b600000) (1024K)]
  0x000002cd7ed6f6a0 WorkerThread "G1 Conc#1"                       [id=18256, stack(0x000000f23d900000,0x000000f23da00000) (1024K)]
  0x000002cd396a4d10 ConcurrentGCThread "G1 Refine#0"               [id=21012, stack(0x000000f23b600000,0x000000f23b700000) (1024K)]
  0x000002cd396a5720 ConcurrentGCThread "G1 Service"                [id=7576, stack(0x000000f23b700000,0x000000f23b800000) (1024K)]
Total: 15

Threads with active compile tasks:
Total: 0

VM state: not at safepoint (normal execution)

VM Mutex/Monitor currently owned by a thread: None

Heap address: 0x0000000601c00000, size: 8164 MB, Compressed Oops mode: Zero based, Oop shift amount: 3

CDS archive(s) mapped at: [0x000002cd3d000000-0x000002cd3dc90000-0x000002cd3dc90000), size 13172736, SharedBaseAddress: 0x000002cd3d000000, ArchiveRelocationMode: 1.
Compressed class space mapped at: 0x000002cd3e000000-0x000002cd7e000000, reserved size: 1073741824
Narrow klass base: 0x000002cd3d000000, Narrow klass shift: 0, Narrow klass range: 0x100000000

GC Precious Log:
 CardTable entry size: 512
 Card Set container configuration: InlinePtr #cards 4 size 8 Array Of Cards #cards 32 size 80 Howl #buckets 8 coarsen threshold 7372 Howl Bitmap #cards 1024 size 144 coarsen threshold 921 Card regions per heap region 1 cards per card region 8192
 CPUs: 8 total, 8 available
 Memory: 32649M
 Large Page Support: Disabled
 NUMA Support: Disabled
 Compressed Oops: Enabled (Zero based)
 Heap Region Size: 4M
 Heap Min Capacity: 8M
 Heap Initial Capacity: 512M
 Heap Max Capacity: 8164M
 Pre-touch: Disabled
 Parallel Workers: 8
 Concurrent Workers: 2
 Concurrent Refinement Workers: 8
 Periodic GC: Disabled

Heap:
 garbage-first heap   total 217088K, used 122570K [0x0000000601c00000, 0x0000000800000000)
  region size 4096K, 16 young (65536K), 3 survivors (12288K)
 Metaspace       used 103930K, committed 105216K, reserved 1179648K
  class space    used 15047K, committed 15616K, reserved 1048576K

Heap Regions: E=young(eden), S=young(survivor), O=old, HS=humongous(starts), HC=humongous(continues), CS=collection set, F=free, TAMS=top-at-mark-start, PB=parsable bottom
|   0|0x0000000601c00000, 0x0000000602000000, 0x0000000602000000|100%| O|  |TAMS 0x0000000601c00000| PB 0x0000000601c00000| Untracked 
|   1|0x0000000602000000, 0x0000000602400000, 0x0000000602400000|100%| O|  |TAMS 0x0000000602000000| PB 0x0000000602000000| Untracked 
|   2|0x0000000602400000, 0x00000006027ffff8, 0x0000000602800000| 99%| O|  |TAMS 0x0000000602400000| PB 0x0000000602400000| Untracked 
|   3|0x0000000602800000, 0x0000000602c00000, 0x0000000602c00000|100%| O|  |TAMS 0x0000000602800000| PB 0x0000000602800000| Untracked 
|   4|0x0000000602c00000, 0x0000000602fffff0, 0x0000000603000000| 99%| O|  |TAMS 0x0000000602c00000| PB 0x0000000602c00000| Untracked 
|   5|0x0000000603000000, 0x00000006033ffff8, 0x0000000603400000| 99%| O|  |TAMS 0x0000000603000000| PB 0x0000000603000000| Untracked 
|   6|0x0000000603400000, 0x00000006037ffff8, 0x0000000603800000| 99%| O|  |TAMS 0x0000000603400000| PB 0x0000000603400000| Untracked 
|   7|0x0000000603800000, 0x0000000603bffff8, 0x0000000603c00000| 99%| O|  |TAMS 0x0000000603800000| PB 0x0000000603800000| Untracked 
|   8|0x0000000603c00000, 0x0000000603fffff0, 0x0000000604000000| 99%| O|  |TAMS 0x0000000603c00000| PB 0x0000000603c00000| Untracked 
|   9|0x0000000604000000, 0x0000000604400000, 0x0000000604400000|100%| O|  |TAMS 0x0000000604000000| PB 0x0000000604000000| Untracked 
|  10|0x0000000604400000, 0x00000006045c5ca8, 0x0000000604800000| 44%| O|  |TAMS 0x0000000604400000| PB 0x0000000604400000| Untracked 
|  11|0x0000000604800000, 0x0000000604c00000, 0x0000000604c00000|100%| O|  |TAMS 0x0000000604800000| PB 0x0000000604800000| Untracked 
|  12|0x0000000604c00000, 0x0000000605000000, 0x0000000605000000|100%| O|  |TAMS 0x0000000604c00000| PB 0x0000000604c00000| Untracked 
|  13|0x0000000605000000, 0x00000006053c5340, 0x0000000605400000| 94%| O|  |TAMS 0x0000000605000000| PB 0x0000000605000000| Untracked 
|  14|0x0000000605400000, 0x0000000605800000, 0x0000000605800000|100%| O|  |TAMS 0x0000000605400000| PB 0x0000000605400000| Untracked 
|  15|0x0000000605800000, 0x0000000605955de0, 0x0000000605c00000| 33%| O|  |TAMS 0x0000000605800000| PB 0x0000000605800000| Untracked 
|  16|0x0000000605c00000, 0x0000000605c00000, 0x0000000606000000|  0%| F|  |TAMS 0x0000000605c00000| PB 0x0000000605c00000| Untracked 
|  17|0x0000000606000000, 0x000000060627cd90, 0x0000000606400000| 62%| O|  |TAMS 0x0000000606000000| PB 0x0000000606000000| Untracked 
|  18|0x0000000606400000, 0x0000000606400000, 0x0000000606800000|  0%| F|  |TAMS 0x0000000606400000| PB 0x0000000606400000| Untracked 
|  19|0x0000000606800000, 0x0000000606800000, 0x0000000606c00000|  0%| F|  |TAMS 0x0000000606800000| PB 0x0000000606800000| Untracked 
|  20|0x0000000606c00000, 0x0000000606c00000, 0x0000000607000000|  0%| F|  |TAMS 0x0000000606c00000| PB 0x0000000606c00000| Untracked 
|  21|0x0000000607000000, 0x0000000607000000, 0x0000000607400000|  0%| F|  |TAMS 0x0000000607000000| PB 0x0000000607000000| Untracked 
|  22|0x0000000607400000, 0x0000000607400000, 0x0000000607800000|  0%| F|  |TAMS 0x0000000607400000| PB 0x0000000607400000| Untracked 
|  23|0x0000000607800000, 0x0000000607a54f10, 0x0000000607c00000| 58%| S|CS|TAMS 0x0000000607800000| PB 0x0000000607800000| Complete 
|  24|0x0000000607c00000, 0x0000000608000000, 0x0000000608000000|100%| S|CS|TAMS 0x0000000607c00000| PB 0x0000000607c00000| Complete 
|  25|0x0000000608000000, 0x0000000608400000, 0x0000000608400000|100%| S|CS|TAMS 0x0000000608000000| PB 0x0000000608000000| Complete 
|  26|0x0000000608400000, 0x0000000608400000, 0x0000000608800000|  0%| F|  |TAMS 0x0000000608400000| PB 0x0000000608400000| Untracked 
|  27|0x0000000608800000, 0x0000000608800000, 0x0000000608c00000|  0%| F|  |TAMS 0x0000000608800000| PB 0x0000000608800000| Untracked 
|  28|0x0000000608c00000, 0x0000000608c00000, 0x0000000609000000|  0%| F|  |TAMS 0x0000000608c00000| PB 0x0000000608c00000| Untracked 
|  29|0x0000000609000000, 0x0000000609000000, 0x0000000609400000|  0%| F|  |TAMS 0x0000000609000000| PB 0x0000000609000000| Untracked 
|  30|0x0000000609400000, 0x0000000609400000, 0x0000000609800000|  0%| F|  |TAMS 0x0000000609400000| PB 0x0000000609400000| Untracked 
|  31|0x0000000609800000, 0x0000000609800000, 0x0000000609c00000|  0%| F|  |TAMS 0x0000000609800000| PB 0x0000000609800000| Untracked 
|  32|0x0000000609c00000, 0x0000000609c00000, 0x000000060a000000|  0%| F|  |TAMS 0x0000000609c00000| PB 0x0000000609c00000| Untracked 
|  33|0x000000060a000000, 0x000000060a000000, 0x000000060a400000|  0%| F|  |TAMS 0x000000060a000000| PB 0x000000060a000000| Untracked 
|  34|0x000000060a400000, 0x000000060a400000, 0x000000060a800000|  0%| F|  |TAMS 0x000000060a400000| PB 0x000000060a400000| Untracked 
|  35|0x000000060a800000, 0x000000060a800000, 0x000000060ac00000|  0%| F|  |TAMS 0x000000060a800000| PB 0x000000060a800000| Untracked 
|  36|0x000000060ac00000, 0x000000060ac00000, 0x000000060b000000|  0%| F|  |TAMS 0x000000060ac00000| PB 0x000000060ac00000| Untracked 
|  37|0x000000060b000000, 0x000000060b000000, 0x000000060b400000|  0%| F|  |TAMS 0x000000060b000000| PB 0x000000060b000000| Untracked 
|  38|0x000000060b400000, 0x000000060b400000, 0x000000060b800000|  0%| F|  |TAMS 0x000000060b400000| PB 0x000000060b400000| Untracked 
|  39|0x000000060b800000, 0x000000060b800000, 0x000000060bc00000|  0%| F|  |TAMS 0x000000060b800000| PB 0x000000060b800000| Untracked 
|  40|0x000000060bc00000, 0x000000060be9d128, 0x000000060c000000| 65%| E|  |TAMS 0x000000060bc00000| PB 0x000000060bc00000| Complete 
|  41|0x000000060c000000, 0x000000060c400000, 0x000000060c400000|100%| E|CS|TAMS 0x000000060c000000| PB 0x000000060c000000| Complete 
|  42|0x000000060c400000, 0x000000060c800000, 0x000000060c800000|100%| E|CS|TAMS 0x000000060c400000| PB 0x000000060c400000| Complete 
|  43|0x000000060c800000, 0x000000060cc00000, 0x000000060cc00000|100%| E|CS|TAMS 0x000000060c800000| PB 0x000000060c800000| Complete 
|  44|0x000000060cc00000, 0x000000060d000000, 0x000000060d000000|100%| E|CS|TAMS 0x000000060cc00000| PB 0x000000060cc00000| Complete 
|  45|0x000000060d000000, 0x000000060d400000, 0x000000060d400000|100%| E|CS|TAMS 0x000000060d000000| PB 0x000000060d000000| Complete 
|  46|0x000000060d400000, 0x000000060d800000, 0x000000060d800000|100%| E|CS|TAMS 0x000000060d400000| PB 0x000000060d400000| Complete 
|  47|0x000000060d800000, 0x000000060dc00000, 0x000000060dc00000|100%| E|CS|TAMS 0x000000060d800000| PB 0x000000060d800000| Complete 
|  48|0x000000060dc00000, 0x000000060e000000, 0x000000060e000000|100%| E|CS|TAMS 0x000000060dc00000| PB 0x000000060dc00000| Complete 
|  49|0x000000060e000000, 0x000000060e400000, 0x000000060e400000|100%| E|CS|TAMS 0x000000060e000000| PB 0x000000060e000000| Complete 
|  50|0x000000060e400000, 0x000000060e800000, 0x000000060e800000|100%| E|CS|TAMS 0x000000060e400000| PB 0x000000060e400000| Complete 
|  51|0x000000060e800000, 0x000000060ec00000, 0x000000060ec00000|100%| E|CS|TAMS 0x000000060e800000| PB 0x000000060e800000| Complete 
| 127|0x0000000621800000, 0x0000000621c00000, 0x0000000621c00000|100%| E|CS|TAMS 0x0000000621800000| PB 0x0000000621800000| Complete 

Card table byte_map: [0x000002cd30660000,0x000002cd31660000] _byte_map_base: 0x000002cd2d652000

Marking Bits: (CMBitMap*) 0x000002cd2417d460
 Bits: [0x000002cd31660000, 0x000002cd395f0000)

Polling page: 0x000002cd22020000

Metaspace:

Usage:
  Non-class:     86.80 MB used.
      Class:     14.69 MB used.
       Both:    101.50 MB used.

Virtual space:
  Non-class space:      128.00 MB reserved,      87.50 MB ( 68%) committed,  2 nodes.
      Class space:        1.00 GB reserved,      15.25 MB (  1%) committed,  1 nodes.
             Both:        1.12 GB reserved,     102.75 MB (  9%) committed. 

Chunk freelists:
   Non-Class:  7.92 MB
       Class:  719.00 KB
        Both:  8.62 MB

MaxMetaspaceSize: unlimited
CompressedClassSpaceSize: 1.00 GB
Initial GC threshold: 21.00 MB
Current GC threshold: 170.31 MB
CDS: on
 - commit_granule_bytes: 65536.
 - commit_granule_words: 8192.
 - virtual_space_node_default_size: 8388608.
 - enlarge_chunks_in_place: 1.
 - use_allocation_guard: 0.


Internal statistics:

num_allocs_failed_limit: 14.
num_arena_births: 1992.
num_arena_deaths: 12.
num_vsnodes_births: 3.
num_vsnodes_deaths: 0.
num_space_committed: 1644.
num_space_uncommitted: 0.
num_chunks_returned_to_freelist: 32.
num_chunks_taken_from_freelist: 5866.
num_chunk_merges: 18.
num_chunk_splits: 4164.
num_chunks_enlarged: 3138.
num_inconsistent_stats: 0.

CodeCache: size=49152Kb used=23048Kb max_used=24416Kb free=26103Kb
 bounds [0x000002cd2c540000, 0x000002cd2dd20000, 0x000002cd2f540000]
 total_blobs=12943 nmethods=12116 adapters=749
 compilation: enabled
              stopped_count=0, restarted_count=0
 full_count=0

Compilation events (20 events):
Event: 260.616 Thread 0x000002cd3c0c79a0 13875       1       jdk.internal.misc.Blocker::begin (14 bytes)
Event: 260.616 Thread 0x000002cd3c0c79a0 nmethod 13875 0x000002cd2c76b390 code [0x000002cd2c76b540, 0x000002cd2c76b640]
Event: 261.613 Thread 0x000002cd3c0c79a0 13878   !   1       org.apache.tomcat.util.net.NioEndpoint$Poller::timeout (501 bytes)
Event: 261.620 Thread 0x000002cd3c0c79a0 nmethod 13878 0x000002cd2c769490 code [0x000002cd2c7697c0, 0x000002cd2c76a6c0]
Event: 261.620 Thread 0x000002cd3c0c79a0 13877       1       sun.nio.ch.WEPollSelectorImpl::processEvents (152 bytes)
Event: 261.623 Thread 0x000002cd3c0c79a0 nmethod 13877 0x000002cd2c768890 code [0x000002cd2c768aa0, 0x000002cd2c769070]
Event: 261.624 Thread 0x000002cd3c0c79a0 13876       1       sun.nio.ch.SelectorImpl::end (9 bytes)
Event: 261.624 Thread 0x000002cd3c0c79a0 nmethod 13876 0x000002cd2c768490 code [0x000002cd2c768640, 0x000002cd2c768798]
Event: 261.624 Thread 0x000002cd3c0c79a0 13879       1       sun.nio.ch.SelectorImpl::select (35 bytes)
Event: 261.625 Thread 0x000002cd3c0c79a0 nmethod 13879 0x000002cd2c768010 code [0x000002cd2c7681e0, 0x000002cd2c7683d8]
Event: 261.625 Thread 0x000002cd3c0c79a0 13880       1       java.nio.channels.spi.AbstractSelector::begin (48 bytes)
Event: 261.626 Thread 0x000002cd3c0c79a0 nmethod 13880 0x000002cd2c767810 code [0x000002cd2c7679e0, 0x000002cd2c767e10]
Event: 267.343 Thread 0x000002cd3c0c79a0 13881       1       java.io.ObjectInputStream::readStreamHeader (61 bytes)
Event: 267.344 Thread 0x000002cd3c0c79a0 nmethod 13881 0x000002cd2c766a10 code [0x000002cd2c766c80, 0x000002cd2c767420]
Event: 267.344 Thread 0x000002cd3c0c79a0 13882       1       sun.rmi.server.MarshalInputStream::done (53 bytes)
Event: 267.344 Thread 0x000002cd3c0c79a0 nmethod 13882 0x000002cd2c766490 code [0x000002cd2c766680, 0x000002cd2c7668f0]
Event: 269.346 Thread 0x000002cd3c0c79a0 13883   !   1       javax.management.remote.rmi.RMIConnectionImpl::getDefaultDomain (76 bytes)
Event: 269.347 Thread 0x000002cd3c0c79a0 nmethod 13883 0x000002cd2c765690 code [0x000002cd2c7658e0, 0x000002cd2c765ff8]
Event: 269.347 Thread 0x000002cd3c0c79a0 13884       1       com.sun.jmx.mbeanserver.JmxMBeanServer::getDefaultDomain (10 bytes)
Event: 269.347 Thread 0x000002cd3c0c79a0 nmethod 13884 0x000002cd2c765310 code [0x000002cd2c7654c0, 0x000002cd2c7655c0]

GC Heap History (20 events):
Event: 13.415 GC heap before
{Heap before GC invocations=23 (full 0):
 garbage-first heap   total 180224K, used 144210K [0x0000000601c00000, 0x0000000800000000)
  region size 4096K, 26 young (106496K), 4 survivors (16384K)
 Metaspace       used 88951K, committed 89984K, reserved 1179648K
  class space    used 12701K, committed 13184K, reserved 1048576K
}
Event: 13.427 GC heap after
{Heap after GC invocations=24 (full 0):
 garbage-first heap   total 180224K, used 57617K [0x0000000601c00000, 0x0000000800000000)
  region size 4096K, 4 young (16384K), 4 survivors (16384K)
 Metaspace       used 88951K, committed 89984K, reserved 1179648K
  class space    used 12701K, committed 13184K, reserved 1048576K
}
Event: 14.259 GC heap before
{Heap before GC invocations=24 (full 0):
 garbage-first heap   total 180224K, used 147729K [0x0000000601c00000, 0x0000000800000000)
  region size 4096K, 26 young (106496K), 4 survivors (16384K)
 Metaspace       used 91638K, committed 92608K, reserved 1179648K
  class space    used 13111K, committed 13568K, reserved 1048576K
}
Event: 14.272 GC heap after
{Heap after GC invocations=25 (full 0):
 garbage-first heap   total 180224K, used 61193K [0x0000000601c00000, 0x0000000800000000)
  region size 4096K, 3 young (12288K), 3 survivors (12288K)
 Metaspace       used 91638K, committed 92608K, reserved 1179648K
  class space    used 13111K, committed 13568K, reserved 1048576K
}
Event: 15.176 GC heap before
{Heap before GC invocations=25 (full 0):
 garbage-first heap   total 180224K, used 151305K [0x0000000601c00000, 0x0000000800000000)
  region size 4096K, 25 young (102400K), 3 survivors (12288K)
 Metaspace       used 96717K, committed 97856K, reserved 1179648K
  class space    used 13865K, committed 14400K, reserved 1048576K
}
Event: 15.188 GC heap after
{Heap after GC invocations=26 (full 0):
 garbage-first heap   total 217088K, used 64244K [0x0000000601c00000, 0x0000000800000000)
  region size 4096K, 3 young (12288K), 3 survivors (12288K)
 Metaspace       used 96717K, committed 97856K, reserved 1179648K
  class space    used 13865K, committed 14400K, reserved 1048576K
}
Event: 15.248 GC heap before
{Heap before GC invocations=26 (full 0):
 garbage-first heap   total 217088K, used 72436K [0x0000000601c00000, 0x0000000800000000)
  region size 4096K, 6 young (24576K), 3 survivors (12288K)
 Metaspace       used 97220K, committed 98240K, reserved 1179648K
  class space    used 13931K, committed 14400K, reserved 1048576K
}
Event: 15.259 GC heap after
{Heap after GC invocations=27 (full 0):
 garbage-first heap   total 217088K, used 64383K [0x0000000601c00000, 0x0000000800000000)
  region size 4096K, 2 young (8192K), 2 survivors (8192K)
 Metaspace       used 97220K, committed 98240K, reserved 1179648K
  class space    used 13931K, committed 14400K, reserved 1048576K
}
Event: 73.887 GC heap before
{Heap before GC invocations=28 (full 0):
 garbage-first heap   total 217088K, used 183167K [0x0000000601c00000, 0x0000000800000000)
  region size 4096K, 31 young (126976K), 2 survivors (8192K)
 Metaspace       used 101374K, committed 102592K, reserved 1179648K
  class space    used 14710K, committed 15296K, reserved 1048576K
}
Event: 73.903 GC heap after
{Heap after GC invocations=29 (full 0):
 garbage-first heap   total 217088K, used 71004K [0x0000000601c00000, 0x0000000800000000)
  region size 4096K, 4 young (16384K), 4 survivors (16384K)
 Metaspace       used 101374K, committed 102592K, reserved 1179648K
  class space    used 14710K, committed 15296K, reserved 1048576K
}
Event: 130.235 GC heap before
{Heap before GC invocations=29 (full 0):
 garbage-first heap   total 217088K, used 95580K [0x0000000601c00000, 0x0000000800000000)
  region size 4096K, 11 young (45056K), 4 survivors (16384K)
 Metaspace       used 102795K, committed 104064K, reserved 1179648K
  class space    used 14926K, committed 15488K, reserved 1048576K
}
Event: 130.346 GC heap after
{Heap after GC invocations=30 (full 1):
 garbage-first heap   total 217088K, used 57224K [0x0000000601c00000, 0x0000000800000000)
  region size 4096K, 0 young (0K), 0 survivors (0K)
 Metaspace       used 102788K, committed 104064K, reserved 1179648K
  class space    used 14925K, committed 15488K, reserved 1048576K
}
Event: 132.257 GC heap before
{Heap before GC invocations=30 (full 1):
 garbage-first heap   total 217088K, used 180104K [0x0000000601c00000, 0x0000000800000000)
  region size 4096K, 31 young (126976K), 0 survivors (0K)
 Metaspace       used 103026K, committed 104256K, reserved 1179648K
  class space    used 14952K, committed 15488K, reserved 1048576K
}
Event: 132.263 GC heap after
{Heap after GC invocations=31 (full 1):
 garbage-first heap   total 217088K, used 64756K [0x0000000601c00000, 0x0000000800000000)
  region size 4096K, 2 young (8192K), 2 survivors (8192K)
 Metaspace       used 103026K, committed 104256K, reserved 1179648K
  class space    used 14952K, committed 15488K, reserved 1048576K
}
Event: 133.066 GC heap before
{Heap before GC invocations=31 (full 1):
 garbage-first heap   total 217088K, used 122100K [0x0000000601c00000, 0x0000000800000000)
  region size 4096K, 17 young (69632K), 2 survivors (8192K)
 Metaspace       used 103288K, committed 104576K, reserved 1179648K
  class space    used 14979K, committed 15552K, reserved 1048576K
}
Event: 133.074 GC heap after
{Heap after GC invocations=32 (full 1):
 garbage-first heap   total 217088K, used 67396K [0x0000000601c00000, 0x0000000800000000)
  region size 4096K, 3 young (12288K), 3 survivors (12288K)
 Metaspace       used 103288K, committed 104576K, reserved 1179648K
  class space    used 14979K, committed 15552K, reserved 1048576K
}
Event: 134.284 GC heap before
{Heap before GC invocations=33 (full 1):
 garbage-first heap   total 217088K, used 177988K [0x0000000601c00000, 0x0000000800000000)
  region size 4096K, 30 young (122880K), 3 survivors (12288K)
 Metaspace       used 103648K, committed 104896K, reserved 1179648K
  class space    used 15001K, committed 15552K, reserved 1048576K
}
Event: 134.292 GC heap after
{Heap after GC invocations=34 (full 1):
 garbage-first heap   total 217088K, used 70116K [0x0000000601c00000, 0x0000000800000000)
  region size 4096K, 2 young (8192K), 2 survivors (8192K)
 Metaspace       used 103648K, committed 104896K, reserved 1179648K
  class space    used 15001K, committed 15552K, reserved 1048576K
}
Event: 135.404 GC heap before
{Heap before GC invocations=34 (full 1):
 garbage-first heap   total 217088K, used 180708K [0x0000000601c00000, 0x0000000800000000)
  region size 4096K, 29 young (118784K), 2 survivors (8192K)
 Metaspace       used 103731K, committed 105024K, reserved 1179648K
  class space    used 15009K, committed 15616K, reserved 1048576K
}
Event: 135.413 GC heap after
{Heap after GC invocations=35 (full 1):
 garbage-first heap   total 217088K, used 73418K [0x0000000601c00000, 0x0000000800000000)
  region size 4096K, 3 young (12288K), 3 survivors (12288K)
 Metaspace       used 103731K, committed 105024K, reserved 1179648K
  class space    used 15009K, committed 15616K, reserved 1048576K
}

Dll operation events (12 events):
Event: 0.041 Loaded shared library C:\Program Files\Java\jdk-21\bin\java.dll
Event: 0.523 Loaded shared library C:\Program Files\Java\jdk-21\bin\zip.dll
Event: 0.527 Loaded shared library C:\Program Files\Java\jdk-21\bin\instrument.dll
Event: 0.532 Loaded shared library C:\Program Files\Java\jdk-21\bin\net.dll
Event: 0.533 Loaded shared library C:\Program Files\Java\jdk-21\bin\nio.dll
Event: 0.536 Loaded shared library C:\Program Files\Java\jdk-21\bin\zip.dll
Event: 0.785 Loaded shared library C:\Program Files\Java\jdk-21\bin\jimage.dll
Event: 0.863 Loaded shared library C:\Program Files\Java\jdk-21\bin\management.dll
Event: 0.874 Loaded shared library C:\Program Files\Java\jdk-21\bin\management_ext.dll
Event: 1.132 Loaded shared library C:\Program Files\Java\jdk-21\bin\extnet.dll
Event: 1.157 Loaded shared library C:\Program Files\Java\jdk-21\bin\verify.dll
Event: 2.853 Loaded shared library C:\Program Files\Java\jdk-21\bin\sunmscapi.dll

Deoptimization events (20 events):
Event: 255.829 Thread 0x000002cd0c459d90 DEOPT PACKING pc=0x000002cd2d30b0f4 sp=0x000000f23b0fd7d0
Event: 255.829 Thread 0x000002cd0c459d90 DEOPT UNPACKING pc=0x000002cd2c594e42 sp=0x000000f23b0fcd10 mode 1
Event: 255.829 Thread 0x000002cd0c45df30 DEOPT PACKING pc=0x000002cd2d30b0f4 sp=0x000000f23affd0c0
Event: 255.829 Thread 0x000002cd0c45df30 DEOPT UNPACKING pc=0x000002cd2c594e42 sp=0x000000f23affc600 mode 1
Event: 255.829 Thread 0x000002cd0c459d90 DEOPT PACKING pc=0x000002cd2d30a264 sp=0x000000f23b0fd8f0
Event: 255.829 Thread 0x000002cd0c459d90 DEOPT UNPACKING pc=0x000002cd2c594e42 sp=0x000000f23b0fce38 mode 1
Event: 255.829 Thread 0x000002cd0c45df30 DEOPT PACKING pc=0x000002cd2d30a264 sp=0x000000f23affd1e0
Event: 255.829 Thread 0x000002cd0c459d90 DEOPT PACKING pc=0x000002cd2d3088b4 sp=0x000000f23b0fda10
Event: 255.829 Thread 0x000002cd0c45df30 DEOPT UNPACKING pc=0x000002cd2c594e42 sp=0x000000f23affc728 mode 1
Event: 255.829 Thread 0x000002cd0c459d90 DEOPT UNPACKING pc=0x000002cd2c594e42 sp=0x000000f23b0fceb8 mode 1
Event: 255.829 Thread 0x000002cd0c459d90 DEOPT PACKING pc=0x000002cd2d308c7c sp=0x000000f23b0fda70
Event: 255.829 Thread 0x000002cd0c45df30 DEOPT PACKING pc=0x000002cd2d3088b4 sp=0x000000f23affd300
Event: 255.829 Thread 0x000002cd0c459d90 DEOPT UNPACKING pc=0x000002cd2c594e42 sp=0x000000f23b0fcf48 mode 1
Event: 255.829 Thread 0x000002cd0c45df30 DEOPT UNPACKING pc=0x000002cd2c594e42 sp=0x000000f23affc7a8 mode 1
Event: 255.829 Thread 0x000002cd0c45df30 DEOPT PACKING pc=0x000002cd2d308c7c sp=0x000000f23affd360
Event: 255.829 Thread 0x000002cd0c45df30 DEOPT UNPACKING pc=0x000002cd2c594e42 sp=0x000000f23affc838 mode 1
Event: 269.578 Thread 0x000002cd0b3fbe80 DEOPT PACKING pc=0x000002cd2d869d34 sp=0x000000f23ecf8fa0
Event: 269.578 Thread 0x000002cd0b3fbe80 DEOPT UNPACKING pc=0x000002cd2c594e42 sp=0x000000f23ecf8458 mode 0
Event: 269.580 Thread 0x000002cd0b3fbe80 DEOPT PACKING pc=0x000002cd2d3c813c sp=0x000000f23ecf9100
Event: 269.580 Thread 0x000002cd0b3fbe80 DEOPT UNPACKING pc=0x000002cd2c594e42 sp=0x000000f23ecf85a8 mode 0

Classes loaded (20 events):
Event: 127.091 Loading class java/util/concurrent/locks/AbstractQueuedSynchronizer$SharedNode
Event: 127.091 Loading class java/util/concurrent/locks/AbstractQueuedSynchronizer$SharedNode done
Event: 127.096 Loading class javax/management/NotificationBroadcasterSupport$WildcardListenerInfo
Event: 127.096 Loading class javax/management/NotificationBroadcasterSupport$WildcardListenerInfo done
Event: 127.112 Loading class java/util/AbstractMap$2
Event: 127.112 Loading class java/util/AbstractMap$2 done
Event: 127.112 Loading class java/util/AbstractMap$2$1
Event: 127.112 Loading class java/util/AbstractMap$2$1 done
Event: 127.117 Loading class sun/security/ssl/Alert
Event: 127.117 Loading class sun/security/ssl/Alert done
Event: 127.118 Loading class sun/security/ssl/Alert$AlertConsumer
Event: 127.118 Loading class sun/security/ssl/Alert$AlertConsumer done
Event: 127.118 Loading class sun/security/ssl/Alert$Level
Event: 127.118 Loading class sun/security/ssl/Alert$Level done
Event: 130.229 Loading class java/io/FileOutputStream$1
Event: 130.230 Loading class java/io/FileOutputStream$1 done
Event: 130.346 Loading class java/lang/ref/Finalizer$2
Event: 130.346 Loading class java/lang/ref/Finalizer$2 done
Event: 130.346 Loading class java/lang/ref/Finalizer$1
Event: 130.347 Loading class java/lang/ref/Finalizer$1 done

Classes unloaded (6 events):
Event: 15.330 Thread 0x000002cd3c08bf90 Unloading class 0x000002cd3ebf8800 'jdk/internal/reflect/GeneratedSerializationConstructorAccessor23'
Event: 15.330 Thread 0x000002cd3c08bf90 Unloading class 0x000002cd3ebf8400 'jdk/internal/reflect/GeneratedSerializationConstructorAccessor22'
Event: 15.330 Thread 0x000002cd3c08bf90 Unloading class 0x000002cd3ebf8000 'jdk/internal/reflect/GeneratedSerializationConstructorAccessor21'
Event: 15.330 Thread 0x000002cd3c08bf90 Unloading class 0x000002cd3e6d8c00 'jdk/internal/reflect/GeneratedSerializationConstructorAccessor20'
Event: 130.268 Thread 0x000002cd3c08bf90 Unloading class 0x000002cd3ec85400 'jdk/internal/reflect/GeneratedSerializationConstructorAccessor26'
Event: 130.268 Thread 0x000002cd3c08bf90 Unloading class 0x000002cd3ec85000 'jdk/internal/reflect/GeneratedSerializationConstructorAccessor25'

Classes redefined (3 events):
Event: 125.715 Thread 0x000002cd3c08bf90 redefined class name=com.example.domains.services.FilmServiceImpl, count=1
Event: 269.613 Thread 0x000002cd3c08bf90 redefined class name=com.example.domains.services.FilmServiceImpl, count=2
Event: 269.613 Thread 0x000002cd3c08bf90 redefined class name=com.example.domains.services.FilmServiceImpl, count=1

Internal exceptions (20 events):
Event: 73.927 Thread 0x000002cd0b3fe5e0 Exception <a 'java/lang/NoSuchMethodError'{0x0000000621a906b0}: 'void java.lang.invoke.DirectMethodHandle$Holder.invokeSpecialIFC(java.lang.Object, java.lang.Object, int, java.lang.Object, java.lang.Object, java.lang.Object, java.lang.Object)'> (0x0000000621a906b0) 
thrown [s\open\src\hotspot\share\interpreter\linkResolver.cpp, line 773]
Event: 74.016 Thread 0x000002cd0b3fe5e0 Exception <a 'java/lang/NoSuchMethodError'{0x000000060e706ba8}: 'java.lang.Object java.lang.invoke.DirectMethodHandle$Holder.newInvokeSpecial(java.lang.Object, java.lang.Object, java.lang.Object, long)'> (0x000000060e706ba8) 
thrown [s\open\src\hotspot\share\interpreter\linkResolver.cpp, line 773]
Event: 74.017 Thread 0x000002cd0b3fe5e0 Exception <a 'java/lang/NoSuchMethodError'{0x000000060e70b718}: 'java.lang.Object java.lang.invoke.DirectMethodHandle$Holder.invokeSpecial(java.lang.Object, java.lang.Object, java.lang.Object, java.lang.Object, long)'> (0x000000060e70b718) 
thrown [s\open\src\hotspot\share\interpreter\linkResolver.cpp, line 773]
Event: 74.017 Thread 0x000002cd0b3fe5e0 Exception <a 'java/lang/NoSuchMethodError'{0x000000060e70fc28}: 'java.lang.Object java.lang.invoke.Invokers$Holder.linkToTargetMethod(java.lang.Object, java.lang.Object, long, java.lang.Object)'> (0x000000060e70fc28) 
thrown [s\open\src\hotspot\share\interpreter\linkResolver.cpp, line 773]
Event: 130.235 Thread 0x000002cd7ee83030 Exception <a 'java/lang/InterruptedException'{0x000000060d7a0910}: sleep interrupted> (0x000000060d7a0910) 
thrown [s\open\src\hotspot\share\prims\jvm.cpp, line 3075]
Event: 130.374 Thread 0x000002cd7ee829a0 Exception <a 'sun/nio/fs/WindowsException'{0x0000000621928188}> (0x0000000621928188) 
thrown [s\open\src\hotspot\share\prims\jni.cpp, line 520]
Event: 131.689 Thread 0x000002cd7ee829a0 Exception <a 'java/lang/NoClassDefFoundError'{0x000000060a33f5c0}: org/flywaydb/core/Flyway> (0x000000060a33f5c0) 
thrown [s\open\src\hotspot\share\oops\constantPool.cpp, line 871]
Event: 131.692 Thread 0x000002cd7ee829a0 Exception <a 'java/lang/NoClassDefFoundError'{0x000000060a33fc20}: liquibase/integration/spring/SpringLiquibase> (0x000000060a33fc20) 
thrown [s\open\src\hotspot\share\oops\constantPool.cpp, line 871]
Event: 131.706 Thread 0x000002cd7ee829a0 Exception <a 'java/lang/NoClassDefFoundError'{0x0000000609c35e28}: org/jooq/DSLContext> (0x0000000609c35e28) 
thrown [s\open\src\hotspot\share\oops\constantPool.cpp, line 871]
Event: 131.712 Thread 0x000002cd7ee829a0 Exception <a 'java/lang/NoClassDefFoundError'{0x0000000609c52768}: org/springframework/batch/core/repository/JobRepository> (0x0000000609c52768) 
thrown [s\open\src\hotspot\share\oops\constantPool.cpp, line 871]
Event: 131.714 Thread 0x000002cd7ee829a0 Exception <a 'java/lang/NoClassDefFoundError'{0x0000000609c52dc0}: org/quartz/Scheduler> (0x0000000609c52dc0) 
thrown [s\open\src\hotspot\share\oops\constantPool.cpp, line 871]
Event: 131.717 Thread 0x000002cd7ee829a0 Exception <a 'java/lang/NoClassDefFoundError'{0x0000000609c53440}: org/springframework/session/jdbc/JdbcIndexedSessionRepository> (0x0000000609c53440) 
thrown [s\open\src\hotspot\share\oops\constantPool.cpp, line 871]
Event: 131.746 Thread 0x000002cd7ee829a0 Exception <a 'java/lang/ArrayIndexOutOfBoundsException'{0x0000000609ea5a48}: Index 28 out of bounds for length 28> (0x0000000609ea5a48) 
thrown [s\open\src\hotspot\share\interpreter\interpreterRuntime.cpp, line 439]
Event: 131.746 Thread 0x000002cd7ee829a0 Exception <a 'java/lang/ArrayIndexOutOfBoundsException'{0x0000000609ea6580}: Index 28 out of bounds for length 28> (0x0000000609ea6580) 
thrown [s\open\src\hotspot\share\interpreter\interpreterRuntime.cpp, line 439]
Event: 131.750 Thread 0x000002cd7ee829a0 Exception <a 'java/lang/ArrayIndexOutOfBoundsException'{0x0000000609ee9a78}: Index 21 out of bounds for length 21> (0x0000000609ee9a78) 
thrown [s\open\src\hotspot\share\interpreter\interpreterRuntime.cpp, line 439]
Event: 131.750 Thread 0x000002cd7ee829a0 Exception <a 'java/lang/ArrayIndexOutOfBoundsException'{0x0000000609eea300}: Index 21 out of bounds for length 21> (0x0000000609eea300) 
thrown [s\open\src\hotspot\share\interpreter\interpreterRuntime.cpp, line 439]
Event: 132.018 Thread 0x000002cd7ee829a0 Exception <a 'java/io/FileNotFoundException'{0x00000006081ec5e8}> (0x00000006081ec5e8) 
thrown [s\open\src\hotspot\share\prims\jni.cpp, line 520]
Event: 132.537 Thread 0x000002cd7ee829a0 Exception <a 'java/io/FileNotFoundException'{0x000000060d9a29d8}> (0x000000060d9a29d8) 
thrown [s\open\src\hotspot\share\prims\jni.cpp, line 520]
Event: 134.256 Thread 0x000002cd7ee829a0 Exception <a 'java/net/BindException'{0x00000006079dfd28}: Address already in use: bind> (0x00000006079dfd28) 
thrown [s\open\src\hotspot\share\prims\jni.cpp, line 539]
Event: 141.629 Thread 0x000002cd0b3fbe80 Exception <a 'java/lang/IncompatibleClassChangeError'{0x000000060cfcdab0}: Found class java.lang.Object, but interface was expected> (0x000000060cfcdab0) 
thrown [s\open\src\hotspot\share\interpreter\linkResolver.cpp, line 840]

ZGC Phase Switch (0 events):
No events

VM Operations (20 events):
Event: 210.451 Executing VM operation: Cleanup
Event: 210.451 Executing VM operation: Cleanup done
Event: 212.257 Executing VM operation: get/set locals
Event: 212.257 Executing VM operation: get/set locals done
Event: 227.368 Executing VM operation: Cleanup
Event: 227.368 Executing VM operation: Cleanup done
Event: 256.639 Executing VM operation: Cleanup
Event: 256.639 Executing VM operation: Cleanup done
Event: 269.576 Executing VM operation: ChangeSingleStep
Event: 269.576 Executing VM operation: ChangeSingleStep done
Event: 269.580 Executing VM operation: ChangeSingleStep
Event: 269.580 Executing VM operation: ChangeSingleStep done
Event: 269.601 Executing VM operation: RedefineClasses
Event: 269.641 Executing VM operation: RedefineClasses done
Event: 269.666 Executing VM operation: ChangeBreakpoints
Event: 269.670 Executing VM operation: ChangeBreakpoints done
Event: 269.680 Executing VM operation: ChangeBreakpoints
Event: 269.684 Executing VM operation: ChangeBreakpoints done
Event: 269.692 Executing VM operation: ChangeSingleStep
Event: 269.692 Executing VM operation: ChangeSingleStep done

Events (20 events):
Event: 135.752 Thread 0x000002cd0c45a420 Thread added: 0x000002cd0c45a420
Event: 135.753 Thread 0x000002cd0c45d8a0 Thread added: 0x000002cd0c45d8a0
Event: 135.796 Thread 0x000002cd7ee829a0 Thread exited: 0x000002cd7ee829a0
Event: 135.796 Thread 0x000002cd7ee82310 Thread exited: 0x000002cd7ee82310
Event: 135.839 Thread 0x000002cd058d9140 Thread exited: 0x000002cd058d9140
Event: 135.841 Thread 0x000002cd0c45f2e0 Thread added: 0x000002cd0c45f2e0
Event: 135.845 Thread 0x000002cd0c45f2e0 Thread exited: 0x000002cd0c45f2e0
Event: 135.850 Thread 0x000002cd058dd2e0 Thread exited: 0x000002cd058dd2e0
Event: 135.852 Thread 0x000002cd0c45aab0 Thread added: 0x000002cd0c45aab0
Event: 135.856 Thread 0x000002cd0c45aab0 Thread exited: 0x000002cd0c45aab0
Event: 136.738 Thread 0x000002cd7ee1a950 Thread exited: 0x000002cd7ee1a950
Event: 137.766 Thread 0x000002cd05fb6080 Thread exited: 0x000002cd05fb6080
Event: 138.383 Thread 0x000002cd058da4f0 Thread exited: 0x000002cd058da4f0
Event: 141.535 Thread 0x000002cd21f11030 Thread exited: 0x000002cd21f11030
Event: 152.224 Thread 0x000002cd0b3faad0 Thread exited: 0x000002cd0b3faad0
Event: 165.729 Thread 0x000002cd0c45df30 Thread added: 0x000002cd0c45df30
Event: 165.738 Thread 0x000002cd0c459d90 Thread added: 0x000002cd0c459d90
Event: 210.640 Thread 0x000002cd058d7d90 Thread exited: 0x000002cd058d7d90
Event: 211.567 Thread 0x000002cd0b4013d0 Thread exited: 0x000002cd0b4013d0
Event: 212.237 Thread 0x000002cd0b3fb7f0 Thread exited: 0x000002cd0b3fb7f0


Dynamic libraries:
0x00007ff7596e0000 - 0x00007ff7596f0000 	C:\Program Files\Java\jdk-21\bin\javaw.exe
0x00007fffd4b70000 - 0x00007fffd4d87000 	C:\WINDOWS\SYSTEM32\ntdll.dll
0x00007fffa3e90000 - 0x00007fffa3eaa000 	C:\Program Files\Avast Software\Avast\aswhook.dll
0x00007fffd39e0000 - 0x00007fffd3aa4000 	C:\WINDOWS\System32\KERNEL32.DLL
0x00007fffd2150000 - 0x00007fffd2509000 	C:\WINDOWS\System32\KERNELBASE.dll
0x00007fffd26b0000 - 0x00007fffd27c1000 	C:\WINDOWS\System32\ucrtbase.dll
0x00007fffac930000 - 0x00007fffac94b000 	C:\Program Files\Java\jdk-21\bin\VCRUNTIME140.dll
0x00007fffac950000 - 0x00007fffac969000 	C:\Program Files\Java\jdk-21\bin\jli.dll
0x00007fffd4660000 - 0x00007fffd4712000 	C:\WINDOWS\System32\ADVAPI32.dll
0x00007fffd3380000 - 0x00007fffd3427000 	C:\WINDOWS\System32\msvcrt.dll
0x00007fffd3810000 - 0x00007fffd38b7000 	C:\WINDOWS\System32\sechost.dll
0x00007fffd1e70000 - 0x00007fffd1e98000 	C:\WINDOWS\System32\bcrypt.dll
0x00007fffd3210000 - 0x00007fffd3324000 	C:\WINDOWS\System32\RPCRT4.dll
0x00007fffd3e30000 - 0x00007fffd3fde000 	C:\WINDOWS\System32\USER32.dll
0x00007fffbb0f0000 - 0x00007fffbb382000 	C:\WINDOWS\WinSxS\amd64_microsoft.windows.common-controls_6595b64144ccf1df_6.0.22621.4391_none_2715d37f73803e96\COMCTL32.dll
0x00007fffd2510000 - 0x00007fffd2536000 	C:\WINDOWS\System32\win32u.dll
0x00007fffd39b0000 - 0x00007fffd39d9000 	C:\WINDOWS\System32\GDI32.dll
0x00007fffd1fb0000 - 0x00007fffd20cb000 	C:\WINDOWS\System32\gdi32full.dll
0x00007fffd1ea0000 - 0x00007fffd1f3a000 	C:\WINDOWS\System32\msvcp_win.dll
0x00007fffd0a30000 - 0x00007fffd0a3a000 	C:\WINDOWS\SYSTEM32\VERSION.dll
0x00007fffd36c0000 - 0x00007fffd36f1000 	C:\WINDOWS\System32\IMM32.DLL
0x00007fffc9540000 - 0x00007fffc954c000 	C:\Program Files\Java\jdk-21\bin\vcruntime140_1.dll
0x00007fff88190000 - 0x00007fff8821e000 	C:\Program Files\Java\jdk-21\bin\msvcp140.dll
0x00007fff235f0000 - 0x00007fff24303000 	C:\Program Files\Java\jdk-21\bin\server\jvm.dll
0x00007fffd3530000 - 0x00007fffd35a1000 	C:\WINDOWS\System32\WS2_32.dll
0x00007fffd16b0000 - 0x00007fffd16fd000 	C:\WINDOWS\SYSTEM32\POWRPROF.dll
0x00007fffc6380000 - 0x00007fffc63b4000 	C:\WINDOWS\SYSTEM32\WINMM.dll
0x00007fffd1690000 - 0x00007fffd16a3000 	C:\WINDOWS\SYSTEM32\UMPDC.dll
0x00007fffd0e70000 - 0x00007fffd0e88000 	C:\WINDOWS\SYSTEM32\kernel.appcore.dll
0x00007fffac660000 - 0x00007fffac66a000 	C:\Program Files\Java\jdk-21\bin\jimage.dll
0x00007fffcf6e0000 - 0x00007fffcf912000 	C:\WINDOWS\SYSTEM32\DBGHELP.DLL
0x00007fffd4740000 - 0x00007fffd4acf000 	C:\WINDOWS\System32\combase.dll
0x00007fffd38d0000 - 0x00007fffd39a7000 	C:\WINDOWS\System32\OLEAUT32.dll
0x00007fffbf380000 - 0x00007fffbf3b2000 	C:\WINDOWS\SYSTEM32\dbgcore.DLL
0x00007fffd20d0000 - 0x00007fffd214b000 	C:\WINDOWS\System32\bcryptPrimitives.dll
0x00007fff967d0000 - 0x00007fff9680c000 	C:\Program Files\Java\jdk-21\bin\jdwp.dll
0x00007fffacb70000 - 0x00007fffacb7f000 	C:\Program Files\Java\jdk-21\bin\instrument.dll
0x00007fff9cf20000 - 0x00007fff9cf3f000 	C:\Program Files\Java\jdk-21\bin\java.dll
0x00007fffd2990000 - 0x00007fffd3206000 	C:\WINDOWS\System32\SHELL32.dll
0x00007fffcfa80000 - 0x00007fffd0383000 	C:\WINDOWS\SYSTEM32\windows.storage.dll
0x00007fffcf940000 - 0x00007fffcfa7f000 	C:\WINDOWS\SYSTEM32\wintypes.dll
0x00007fffd2890000 - 0x00007fffd2989000 	C:\WINDOWS\System32\SHCORE.dll
0x00007fffd3720000 - 0x00007fffd377e000 	C:\WINDOWS\System32\shlwapi.dll
0x00007fffd1da0000 - 0x00007fffd1dcb000 	C:\WINDOWS\SYSTEM32\profapi.dll
0x00007fffa9380000 - 0x00007fffa938c000 	C:\Program Files\Java\jdk-21\bin\dt_socket.dll
0x00007fffd05e0000 - 0x00007fffd060d000 	C:\WINDOWS\SYSTEM32\IPHLPAPI.DLL
0x00007fffd12e0000 - 0x00007fffd1349000 	C:\WINDOWS\system32\mswsock.dll
0x00007fffd0650000 - 0x00007fffd0752000 	C:\WINDOWS\SYSTEM32\DNSAPI.dll
0x00007fffd3700000 - 0x00007fffd3709000 	C:\WINDOWS\System32\NSI.dll
0x000000006bd70000 - 0x000000006bd96000 	C:\Program Files\Bonjour\mdnsNSP.dll
0x00007fffc21f0000 - 0x00007fffc21fa000 	C:\Windows\System32\rasadhlp.dll
0x00007fffbfcd0000 - 0x00007fffbfd53000 	C:\WINDOWS\System32\fwpuclnt.dll
0x00007fff97bc0000 - 0x00007fff97bd8000 	C:\Program Files\Java\jdk-21\bin\zip.dll
0x00007fffabe50000 - 0x00007fffabe60000 	C:\Program Files\Java\jdk-21\bin\net.dll
0x00007fffc4000000 - 0x00007fffc4136000 	C:\WINDOWS\SYSTEM32\WINHTTP.dll
0x00007fff9ceb0000 - 0x00007fff9cec6000 	C:\Program Files\Java\jdk-21\bin\nio.dll
0x00007fffabbd0000 - 0x00007fffabbda000 	C:\Program Files\Java\jdk-21\bin\management.dll
0x00007fffa9370000 - 0x00007fffa937b000 	C:\Program Files\Java\jdk-21\bin\management_ext.dll
0x00007fffd3e20000 - 0x00007fffd3e28000 	C:\WINDOWS\System32\PSAPI.DLL
0x00007fffb2640000 - 0x00007fffb2657000 	C:\WINDOWS\system32\napinsp.dll
0x00007fffb2660000 - 0x00007fffb267b000 	C:\WINDOWS\system32\pnrpnsp.dll
0x00007fffb2680000 - 0x00007fffb2691000 	C:\WINDOWS\System32\winrnr.dll
0x00007fffc3d40000 - 0x00007fffc3d55000 	C:\WINDOWS\system32\wshbth.dll
0x00007fffb26a0000 - 0x00007fffb26c7000 	C:\WINDOWS\system32\nlansp_c.dll
0x00007fffd1580000 - 0x00007fffd159b000 	C:\WINDOWS\SYSTEM32\CRYPTSP.dll
0x00007fffd0dd0000 - 0x00007fffd0e05000 	C:\WINDOWS\system32\rsaenh.dll
0x00007fffd1390000 - 0x00007fffd13b8000 	C:\WINDOWS\SYSTEM32\USERENV.dll
0x00007fffd15a0000 - 0x00007fffd15ac000 	C:\WINDOWS\SYSTEM32\CRYPTBASE.dll
0x00007fffa4bc0000 - 0x00007fffa4bc7000 	C:\Program Files\Java\jdk-21\bin\extnet.dll
0x00007fff9eb40000 - 0x00007fff9eb50000 	C:\Program Files\Java\jdk-21\bin\verify.dll
0x00007fff9f3f0000 - 0x00007fff9f3fe000 	C:\Program Files\Java\jdk-21\bin\sunmscapi.dll
0x00007fffd2540000 - 0x00007fffd26a6000 	C:\WINDOWS\System32\CRYPT32.dll
0x00007fffd1810000 - 0x00007fffd183d000 	C:\WINDOWS\SYSTEM32\ncrypt.dll
0x00007fffd17d0000 - 0x00007fffd1807000 	C:\WINDOWS\SYSTEM32\NTASN1.dll
0x00007fffaf430000 - 0x00007fffaf438000 	C:\WINDOWS\system32\wshunix.dll

dbghelp: loaded successfully - version: 4.0.5 - missing functions: none
symbol engine: initialized successfully - sym options: 0x614 - pdb path: .;C:\Program Files\Java\jdk-21\bin;C:\WINDOWS\SYSTEM32;C:\Program Files\Avast Software\Avast;C:\WINDOWS\WinSxS\amd64_microsoft.windows.common-controls_6595b64144ccf1df_6.0.22621.4391_none_2715d37f73803e96;C:\Program Files\Java\jdk-21\bin\server;C:\Program Files\Bonjour

VM Arguments:
jvm_args: -XX:+ShowCodeDetailsInExceptionMessages -agentlib:jdwp=transport=dt_socket,suspend=y,address=localhost:56684 -Dcom.sun.management.jmxremote -Dcom.sun.management.jmxremote.port=56683 -Dcom.sun.management.jmxremote.authenticate=false -Dcom.sun.management.jmxremote.ssl=false -Djava.rmi.server.hostname=localhost -Dspring.jmx.enabled=true -Dmanagement.endpoints.jmx.exposure.include=* -Dspring.application.admin.enabled=true -DPORT=8011 -XX:TieredStopAtLevel=1 -Dspring.boot.project.name=catalogo -javaagent:C:\Archivos\eclipse\configuration\org.eclipse.osgi\4814\0\.cp\lib\javaagent-shaded.jar -Dfile.encoding=UTF-8 -Dstdout.encoding=UTF-8 -Dstderr.encoding=UTF-8 
java_command: com.example.CatalogoApplication --spring.output.ansi.enabled=always
java_class_path (initial): C:\Cursos\LAB20241104\catalogo\target\classes;C:\Archivos\apache-maven-3.8.6\.m2\org\springframework\boot\spring-boot-starter-data-jpa\3.3.6\spring-boot-starter-data-jpa-3.3.6.jar;C:\Archivos\apache-maven-3.8.6\.m2\org\springframework\boot\spring-boot-starter-aop\3.3.6\spring-boot-starter-aop-3.3.6.jar;C:\Archivos\apache-maven-3.8.6\.m2\org\aspectj\aspectjweaver\1.9.22.1\aspectjweaver-1.9.22.1.jar;C:\Archivos\apache-maven-3.8.6\.m2\org\springframework\boot\spring-boot-starter-jdbc\3.3.6\spring-boot-starter-jdbc-3.3.6.jar;C:\Archivos\apache-maven-3.8.6\.m2\com\zaxxer\HikariCP\5.1.0\HikariCP-5.1.0.jar;C:\Archivos\apache-maven-3.8.6\.m2\org\springframework\spring-jdbc\6.1.15\spring-jdbc-6.1.15.jar;C:\Archivos\apache-maven-3.8.6\.m2\org\hibernate\orm\hibernate-core\6.5.3.Final\hibernate-core-6.5.3.Final.jar;C:\Archivos\apache-maven-3.8.6\.m2\jakarta\persistence\jakarta.persistence-api\3.1.0\jakarta.persistence-api-3.1.0.jar;C:\Archivos\apache-maven-3.8.6\.m2\jakarta\transaction\jakarta.transaction-api\2.0.1\jakarta.transaction-api-2.0.1.jar;C:\Archivos\apache-maven-3.8.6\.m2\org\jboss\logging\jboss-logging\3.5.3.Final\jboss-logging-3.5.3.Final.jar;C:\Archivos\apache-maven-3.8.6\.m2\org\hibernate\common\hibernate-commons-annotations\6.0.6.Final\hibernate-commons-annotations-6.0.6.Final.jar;C:\Archivos\apache-maven-3.8.6\.m2\io\smallrye\jandex\3.1.2\jandex-3.1.2.jar;C:\Archivos\apache-maven-3.8.6\.m2\com\fasterxml\classmate\1.7.0\classmate-1.7.0.jar;C:\Archivos\apache-maven-3.8.6\.m2\net\bytebuddy\byte-buddy\1.14.19\byte-buddy-1.14.19.jar;C:\Archivos\apache-maven-3.8.6\.m2\org\glassfish\jaxb\jaxb-runtime\4.0.5\jaxb-runtime-4.0.5.jar;C:\Archivos\apache-maven-3.8.6\.m2\org\glassfish\jaxb\jaxb-core\4.0.5\jaxb-core-4.0.5.jar;C:\Archivos\apache-maven-3.8.6\.m2\org\eclipse\angus\angus-activation\2.0.2\angus-activation-2.0.2.jar;C:\Archivos\apache-maven-3.8.6\.m2\org\glassfish\jaxb\txw2\4.0.5\txw2-4.0.5.jar;C:\Archivos\apache-maven-3.8.6\.m2\com\sun\istack\istack-commons-runtime\4.1.2\istack-commons-runtime-4.1.2.jar;C:\Archivos\apache-maven-3.8.6\.m2\jakarta\inject\jakarta.inject-api\2.0.1\jakarta.inject-api-2.0.1.jar;C:\Archivos\apache-maven-3.8.6\.m2\org\antlr\antlr4-runtime\4.13.0\antlr4-runtime-4.13.0.jar;C:\Archivos\apache-maven-3.8.6\.m2\org\springframework\data\spring-data-jpa\3.3.6\spring-data-jpa-3.3.6.jar;C:\Archivos\apache-maven-3.8.6\.m2\org\springframework\data\spring-data-commons\3.3.6\spring-data-commons-3.3.6.jar;C:\Archivos\apache-maven-3.8.6\.m2\org\springframework\spring-orm\6.1.15\spring-orm-6.1.15.jar;C:\Archivos\apache-maven-3.8.6\.m2\org\springframework\spring-tx\6.1.15\spring-tx-6.1.15.jar;C:\Archivos\apache-maven-3.8.6\.m2\org\springframework\spring-beans\6.1.15\spring-beans-6.1.15.jar;C:\Archivos\apache-maven-3.8.6\.m2\jakarta\annotation\jakarta.annotation-api\2.1.1\jakarta.annotation-api-2.1.1.jar;C:\Archivos\apache-maven-3.8.6\.m2\org\springframework\spring-aspects\6.1.15\spring-aspects-6.1.15.jar;C:\Archivos\apache-maven-3.8.6\.m2\org\springframework\boot\spring-boot-starter-validation\3.3.6\spring-boot-starter-validation-3.3.6.jar;C:\Archivos\apache-maven-3.8.6\.m2\org\springframework\boot\spring-boot-starter\3.3.6\spring-boot-starter-3.3.6.jar;C:\Archivos\apache-maven-3.8.6\.m2\org\springframework\boot\spring-boot-starter-logging\3.3.6\spring-boot-starter-logging-3.3.6.jar;C:\Archivos\apache-maven-3.8.6\.m2\ch\qos\logback\logback-classic\1.5.12\logback-classic-1.5.12.jar;C:\Archivos\apache-maven-3.8.6\.m2\ch\qos\logback\logback-core\1.5.12\logback-core-1.5.12.jar;C:\Archivos\apache-maven-3.8.6\.m2\org\apache\logging\log4j\log4j-to-slf4j\2.23.1\log4j-to-slf4j-2.23.1.jar;C:\Archivos\apache-maven-3.8.6\.m2\org\apache\logging\log4j\log4j-api\2.23.1\log4j-api-2.23.1.jar;C:\Archivos\apache-maven-3.8.6\.m2\org\slf4j\jul-to-slf4j\2.0.16\jul-to-slf4j-2.0.16.jar;C:\Archivos\apache-maven-3.8.6\.m2\org\yaml\snakeyaml\2.2\snakeyaml-2.2.jar;C:\Archivos\apache-maven-3.8.6\.m2\org\apache\tomcat\embed\tomcat-embed-el\10.1.33\tomcat-embed-el-10.1.33.jar;C:\Archivos\apache-maven-3.8.6\.m2\org\hibernate\validator\hibernate-validator\8.0.1.Final\hibernate-validator-8.0.1.Final.jar;C:\Archivos\apache-maven-3.8.6\.m2\jakarta\validation\jakarta.validation-api\3.0.2\jakarta.validation-api-3.0.2.jar;C:\Archivos\apache-maven-3.8.6\.m2\org\springframework\boot\spring-boot-starter-web\3.3.6\spring-boot-starter-web-3.3.6.jar;C:\Archivos\apache-maven-3.8.6\.m2\org\springframework\boot\spring-boot-starter-json\3.3.6\spring-boot-starter-json-3.3.6.jar;C:\Archivos\apache-maven-3.8.6\.m2\com\fasterxml\jackson\datatype\jackson-datatype-jdk8\2.17.3\jackson-datatype-jdk8-2.17.3.jar;C:\Archivos\apache-maven-3.8.6\.m2\com\fasterxml\jackson\datatype\jackson-datatype-jsr310\2.17.3\jackson-datatype-jsr310-2.17.3.jar;C:\Archivos\apache-maven-3.8.6\.m2\com\fasterxml\jackson\module\jackson-module-parameter-names\2.17.3\jackson-module-parameter-names-2.17.3.jar;C:\Archivos\apache-maven-3.8.6\.m2\org\springframework\boot\spring-boot-starter-tomcat\3.3.6\spring-boot-starter-tomcat-3.3.6.jar;C:\Archivos\apache-maven-3.8.6\.m2\org\apache\tomcat\embed\tomcat-embed-core\10.1.33\tomcat-embed-core-10.1.33.jar;C:\Archivos\apache-maven-3.8.6\.m2\org\apache\tomcat\embed\tomcat-embed-websocket\10.1.33\tomcat-embed-websocket-10.1.33.jar;C:\Archivos\apache-maven-3.8.6\.m2\org\springframework\spring-web\6.1.15\spring-web-6.1.15.jar;C:\Archivos\apache-maven-3.8.6\.m2\org\springframework\spring-webmvc\6.1.15\spring-webmvc-6.1.15.jar;C:\Archivos\apache-maven-3.8.6\.m2\org\springframework\spring-expression\6.1.15\spring-expression-6.1.15.jar;C:\Archivos\apache-maven-3.8.6\.m2\org\springframework\boot\spring-boot-devtools\3.3.6\spring-boot-devtools-3.3.6.jar;C:\Archivos\apache-maven-3.8.6\.m2\org\springframework\boot\spring-boot\3.3.6\spring-boot-3.3.6.jar;C:\Archivos\apache-maven-3.8.6\.m2\org\springframework\boot\spring-boot-autoconfigure\3.3.6\spring-boot-autoconfigure-3.3.6.jar;C:\Archivos\apache-maven-3.8.6\.m2\com\mysql\mysql-connector-j\8.3.0\mysql-connector-j-8.3.0.jar;C:\Archivos\apache-maven-3.8.6\.m2\org\projectlombok\lombok\1.18.36\lombok-1.18.36.jar;C:\Archivos\apache-maven-3.8.6\.m2\jakarta\xml\bind\jakarta.xml.bind-api\4.0.2\jakarta.xml.bind-api-4.0.2.jar;C:\Archivos\apache-maven-3.8.6\.m2\jakarta\activation\jakarta.activation-api\2.1.3\jakarta.activation-api-2.1.3.jar;C:\Archivos\apache-maven-3.8.6\.m2\org\springframework\spring-core\6.1.15\spring-core-6.1.15.jar;C:\Archivos\apache-maven-3.8.6\.m2\org\springframework\spring-jcl\6.1.15\spring-jcl-6.1.15.jar;C:\Archivos\apache-maven-3.8.6\.m2\com\fasterxml\jackson\dataformat\jackson-dataformat-xml\2.17.3\jackson-dataformat-xml-2.17.3.jar;C:\Archivos\apache-maven-3.8.6\.m2\com\fasterxml\jackson\core\jackson-core\2.17.3\jackson-core-2.17.3.jar;C:\Archivos\apache-maven-3.8.6\.m2\com\fasterxml\jackson\core\jackson-annotations\2.17.3\jackson-annotations-2.17.3.jar;C:\Archivos\apache-maven-3.8.6\.m2\com\fasterxml\jackson\core\jackson-databind\2.17.3\jackson-databind-2.17.3.jar;C:\Archivos\apache-maven-3.8.6\.m2\org\codehaus\woodstox\stax2-api\4.2.2\stax2-api-4.2.2.jar;C:\Archivos\apache-maven-3.8.6\.m2\com\fasterxml\woodstox\woodstox-core\6.7.0\woodstox-core-6.7.0.jar;C:\Archivos\apache-maven-3.8.6\.m2\org\springdoc\springdoc-openapi-starter-webmvc-ui\2.6.0\springdoc-openapi-starter-webmvc-ui-2.6.0.jar;C:\Archivos\apache-maven-3.8.6\.m2\org\springdoc\springdoc-openapi-starter-webmvc-api\2.6.0\springdoc-openapi-starter-webmvc-api-2.6.0.jar;C:\Archivos\apache-maven-3.8.6\.m2\org\springdoc\springdoc-openapi-starter-common\2.6.0\springdoc-openapi-starter-common-2.6.0.jar;C:\Archivos\apache-maven-3.8.6\.m2\io\swagger\core\v3\swagger-core-jakarta\2.2.22\swagger-core-jakarta-2.2.22.jar;C:\Archivos\apache-maven-3.8.6\.m2\org\apache\commons\commons-lang3\3.14.0\commons-lang3-3.14.0.jar;C:\Archivos\apache-maven-3.8.6\.m2\io\swagger\core\v3\swagger-annotations-jakarta\2.2.22\swagger-annotations-jakarta-2.2.22.jar;C:\Archivos\apache-maven-3.8.6\.m2\io\swagger\core\v3\swagger-models-jakarta\2.2.22\swagger-models-jakarta-2.2.22.jar;C:\Archivos\apache-maven-3.8.6\.m2\com\fasterxml\jackson\dataformat\jackson-dataformat-yaml\2.17.3\jackson-dataformat-yaml-2.17.3.jar;C:\Archivos\apache-maven-3.8.6\.m2\org\webjars\swagger-ui\5.17.14\swagger-ui-5.17.14.jar;C:\Archivos\apache-maven-3.8.6\.m2\com\github\therapi\therapi-runtime-javadoc-scribe\0.15.0\therapi-runtime-javadoc-scribe-0.15.0.jar;C:\Archivos\apache-maven-3.8.6\.m2\com\github\therapi\therapi-runtime-javadoc\0.15.0\therapi-runtime-javadoc-0.15.0.jar;C:\Archivos\apache-maven-3.8.6\.m2\org\springframework\boot\spring-boot-starter-actuator\3.3.6\spring-boot-starter-actuator-3.3.6.jar;C:\Archivos\apache-maven-3.8.6\.m2\org\springframework\boot\spring-boot-actuator-autoconfigure\3.3.6\spring-boot-actuator-autoconfigure-3.3.6.jar;C:\Archivos\apache-maven-3.8.6\.m2\io\micrometer\micrometer-observation\1.13.8\micrometer-observation-1.13.8.jar;C:\Archivos\apache-maven-3.8.6\.m2\io\micrometer\micrometer-commons\1.13.8\micrometer-commons-1.13.8.jar;C:\Archivos\apache-maven-3.8.6\.m2\io\micrometer\micrometer-jakarta9\1.13.8\micrometer-jakarta9-1.13.8.jar;C:\Archivos\apache-maven-3.8.6\.m2\org\springframework\cloud\spring-cloud-starter\4.1.4\spring-cloud-starter-4.1.4.jar;C:\Archivos\apache-maven-3.8.6\.m2\org\springframework\cloud\spring-cloud-context\4.1.4\spring-cloud-context-4.1.4.jar;C:\Archivos\apache-maven-3.8.6\.m2\org\springframework\security\spring-security-crypto\6.3.5\spring-security-crypto-6.3.5.jar;C:\Archivos\apache-maven-3.8.6\.m2\org\springframework\cloud\spring-cloud-commons\4.1.4\spring-cloud-commons-4.1.4.jar;C:\Archivos\apache-maven-3.8.6\.m2\org\springframework\security\spring-security-rsa\1.1.3\spring-security-rsa-1.1.3.jar;C:\Archivos\apache-maven-3.8.6\.m2\org\bouncycastle\bcprov-jdk18on\1.78\bcprov-jdk18on-1.78.jar;C:\Archivos\apache-maven-3.8.6\.m2\org\springframework\cloud\spring-cloud-starter-netflix-eureka-client\4.1.3\spring-cloud-starter-netflix-eureka-client-4.1.3.jar;C:\Archivos\apache-maven-3.8.6\.m2\org\springframework\cloud\spring-cloud-netflix-eureka-client\4.1.3\spring-cloud-netflix-eureka-client-4.1.3.jar;C:\Archivos\apache-maven-3.8.6\.m2\org\apache\httpcomponents\client5\httpclient5\5.3.1\httpclient5-5.3.1.jar;C:\Archivos\apache-maven-3.8.6\.m2\org\apache\httpcomponents\core5\httpcore5\5.2.5\httpcore5-5.2.5.jar;C:\Archivos\apache-maven-3.8.6\.m2\org\apache\httpcomponents\core5\httpcore5-h2\5.2.5\httpcore5-h2-5.2.5.jar;C:\Archivos\apache-maven-3.8.6\.m2\com\netflix\eureka\eureka-client\2.0.3\eureka-client-2.0.3.jar;C:\Archivos\apache-maven-3.8.6\.m2\com\thoughtworks\xstream\xstream\1.4.20\xstream-1.4.20.jar;C:\Archivos\apache-maven-3.8.6\.m2\io\github\x-stream\mxparser\1.2.2\mxparser-1.2.2.jar;C:\Archivos\apache-maven-3.8.6\.m2\xmlpull\xmlpull\1.1.3.1\xmlpull-1.1.3.1.jar;C:\Archivos\apache-maven-3.8.6\.m2\jakarta\ws\rs\jakarta.ws.rs-api\3.1.0\jakarta.ws.rs-api-3.1.0.jar;C:\Archivos\apache-maven-3.8.6\.m2\com\netflix\spectator\spectator-api\1.7.3\spectator-api-1.7.3.jar;C:\Archivos\apache-maven-3.8.6\.m2\org\apache\httpcomponents\httpclient\4.5.3\httpclient-4.5.3.jar;C:\Archivos\apache-maven-3.8.6\.m2\org\apache\httpcomponents\httpcore\4.4.16\httpcore-4.4.16.jar;C:\Archivos\apache-maven-3.8.6\.m2\commons-codec\commons-codec\1.16.1\commons-codec-1.16.1.jar;C:\Archivos\apache-maven-3.8.6\.m2\commons-configuration\commons-configuration\1.10\commons-configuration-1.10.jar;C:\Archivos\apache-maven-3.8.6\.m2\commons-lang\commons-lang\2.6\commons-lang-2.6.jar;C:\Archivos\apache-maven-3.8.6\.m2\com\netflix\netflix-commons\netflix-eventbus\0.3.0\netflix-eventbus-0.3.0.jar;C:\Archivos\apache-maven-3.8.6\.m2\com\netflix\netflix-commons\netflix-infix\0.3.0\netflix-infix-0.3.0.jar;C:\Archivos\apache-maven-3.8.6\.m2\commons-jxpath\commons-jxpath\1.3\commons-jxpath-1.3.jar;C:\Archivos\apache-maven-3.8.6\.m2\joda-time\joda-time\2.3\joda-time-2.3.jar;C:\Archivos\apache-maven-3.8.6\.m2\org\antlr\antlr-runtime\3.4\antlr-runtime-3.4.jar;C:\Archivos\apache-maven-3.8.6\.m2\org\antlr\stringtemplate\3.2.1\stringtemplate-3.2.1.jar;C:\Archivos\apache-maven-3.8.6\.m2\antlr\antlr\2.7.7\antlr-2.7.7.jar;C:\Archivos\apache-maven-3.8.6\.m2\com\google\code\gson\gson\2.10.1\gson-2.10.1.jar;C:\Archivos\apache-maven-3.8.6\.m2\com\netflix\servo\servo-core\0.5.3\servo-core-0.5.3.jar;C:\Archivos\apache-maven-3.8.6\.m2\org\apache\commons\commons-math\2.2\commons-math-2.2.jar;C:\Archivos\apache-maven-3.8.6\.m2\javax\annotation\javax.annotation-api\1.2\javax.annotation-api-1.2.jar;C:\Archivos\apache-maven-3.8.6\.m2\org\codehaus\jettison\jettison\1.5.4\jettison-1.5.4.jar;C:\Archivos\apache-maven-3.8.6\.m2\com\netflix\eureka\eureka-core\2.0.3\eureka-core-2.0.3.jar;C:\Archivos\apache-maven-3.8.6\.m2\com\google\guava\guava\33.0.0-jre\guava-33.0.0-jre.jar;C:\Archivos\apache-maven-3.8.6\.m2\com\google\guava\failureaccess\1.0.2\failureaccess-1.0.2.jar;C:\Archivos\apache-maven-3.8.6\.m2\com\google\guava\listenablefuture\9999.0-empty-to-avoid-conflict-with-guava\listenablefuture-9999.0-empty-to-avoid-conflict-with-guava.jar;C:\Archivos\apache-maven-3.8.6\.m2\org\checkerframework\checker-qual\3.41.0\checker-qual-3.41.0.jar;C:\Archivos\apache-maven-3.8.6\.m2\com\google\errorprone\error_prone_annotations\2.23.0\error_prone_annotations-2.23.0.jar;C:\Archivos\apache-maven-3.8.6\.m2\com\google\j2objc\j2objc-annotations\2.8\j2objc-annotations-2.8.jar;C:\Archivos\apache-maven-3.8.6\.m2\org\springframework\cloud\spring-cloud-starter-loadbalancer\4.1.4\spring-cloud-starter-loadbalancer-4.1.4.jar;C:\Archivos\apache-maven-3.8.6\.m2\org\springframework\cloud\spring-cloud-loadbalancer\4.1.4\spring-cloud-loadbalancer-4.1.4.jar;C:\Archivos\apache-maven-3.8.6\.m2\io\projectreactor\reactor-core\3.6.12\reactor-core-3.6.12.jar;C:\Archivos\apache-maven-3.8.6\.m2\org\reactivestreams\reactive-streams\1.0.4\reactive-streams-1.0.4.jar;C:\Archivos\apache-maven-3.8.6\.m2\io\projectreactor\addons\reactor-extra\3.5.2\reactor-extra-3.5.2.jar;C:\Archivos\apache-maven-3.8.6\.m2\org\springframework\boot\spring-boot-starter-cache\3.3.6\spring-boot-starter-cache-3.3.6.jar;C:\Archivos\apache-maven-3.8.6\.m2\org\springframework\spring-context-support\6.1.15\spring-context-support-6.1.15.jar;C:\Archivos\apache-maven-3.8.6\.m2\com\stoyanr\evictor\1.0.0\evictor-1.0.0.jar;C:\Archivos\apache-maven-3.8.6\.m2\org\springframework\cloud\spring-cloud-starter-openfeign\4.1.3\spring-cloud-starter-openfeign-4.1.3.jar;C:\Archivos\apache-maven-3.8.6\.m2\org\springframework\cloud\spring-cloud-openfeign-core\4.1.3\spring-cloud-openfeign-core-4.1.3.jar;C:\Archivos\apache-maven-3.8.6\.m2\io\github\openfeign\form\feign-form-spring\3.8.0\feign-form-spring-3.8.0.jar;C:\Archivos\apache-maven-3.8.6\.m2\io\github\openfeign\form\feign-form\3.8.0\feign-form-3.8.0.jar;C:\Archivos\apache-maven-3.8.6\.m2\commons-fileupload\commons-fileupload\1.5\commons-fileupload-1.5.jar;C:\Archivos\apache-maven-3.8.6\.m2\commons-io\commons-io\2.11.0\commons-io-2.11.0.jar;C:\Archivos\apache-maven-3.8.6\.m2\io\github\openfeign\feign-core\13.3\feign-core-13.3.jar;C:\Archivos\apache-maven-3.8.6\.m2\io\github\openfeign\feign-slf4j\13.3\feign-slf4j-13.3.jar;C:\Archivos\apache-maven-3.8.6\.m2\org\springframework\boot\spring-boot-starter-security\3.3.6\spring-boot-starter-security-3.3.6.jar;C:\Archivos\apache-maven-3.8.6\.m2\org\springframework\spring-aop\6.1.15\spring-aop-6.1.15.jar;C:\Archivos\apache-maven-3.8.6\.m2\org\springframework\security\spring-security-config\6.3.5\spring-security-config-6.3.5.jar;C:\Archivos\apache-maven-3.8.6\.m2\org\springframework\security\spring-security-web\6.3.5\spring-security-web-6.3.5.jar;C:\Archivos\apache-maven-3.8.6\.m2\org\springframework\security\spring-security-core\6.3.5\spring-security-core-6.3.5.jar;C:\Archivos\apache-maven-3.8.6\.m2\com\auth0\java-jwt\4.4.0\java-jwt-4.4.0.jar;C:\Archivos\apache-maven-3.8.6\.m2\io\micrometer\micrometer-registry-prometheus\1.13.8\micrometer-registry-prometheus-1.13.8.jar;C:\Archivos\apache-maven-3.8.6\.m2\io\micrometer\micrometer-core\1.13.8\micrometer-core-1.13.8.jar;C:\Archivos\apache-maven-3.8.6\.m2\org\hdrhistogram\HdrHistogram\2.2.2\HdrHistogram-2.2.2.jar;C:\Archivos\apache-maven-3.8.6\.m2\org\latencyutils\LatencyUtils\2.0.3\LatencyUtils-2.0.3.jar;C:\Archivos\apache-maven-3.8.6\.m2\io\prometheus\prometheus-metrics-core\1.2.1\prometheus-metrics-core-1.2.1.jar;C:\Archivos\apache-maven-3.8.6\.m2\io\prometheus\prometheus-metrics-model\1.2.1\prometheus-metrics-model-1.2.1.jar;C:\Archivos\apache-maven-3.8.6\.m2\io\prometheus\prometheus-metrics-config\1.2.1\prometheus-metrics-config-1.2.1.jar;C:\Archivos\apache-maven-3.8.6\.m2\io\prometheus\prometheus-metrics-tracer-common\1.2.1\prometheus-metrics-tracer-common-1.2.1.jar;C:\Archivos\apache-maven-3.8.6\.m2\io\prometheus\prometheus-metrics-exposition-formats\1.2.1\prometheus-metrics-exposition-formats-1.2.1.jar;C:\Archivos\apache-maven-3.8.6\.m2\io\prometheus\prometheus-metrics-shaded-protobuf\1.2.1\prometheus-metrics-shaded-protobuf-1.2.1.jar;C:\Archivos\apache-maven-3.8.6\.m2\io\micrometer\micrometer-tracing-bridge-brave\1.3.6\micrometer-tracing-bridge-brave-1.3.6.jar;C:\Archivos\apache-maven-3.8.6\.m2\io\micrometer\micrometer-tracing\1.3.6\micrometer-tracing-1.3.6.jar;C:\Archivos\apache-maven-3.8.6\.m2\io\micrometer\context-propagation\1.1.2\context-propagation-1.1.2.jar;C:\Archivos\apache-maven-3.8.6\.m2\aopalliance\aopalliance\1.0\aopalliance-1.0.jar;C:\Archivos\apache-maven-3.8.6\.m2\org\slf4j\slf4j-api\2.0.16\slf4j-api-2.0.16.jar;C:\Archivos\apache-maven-3.8.6\.m2\io\zipkin\brave\brave\6.0.3\brave-6.0.3.jar;C:\Archivos\apache-maven-3.8.6\.m2\io\zipkin\brave\brave-context-slf4j\6.0.3\brave-context-slf4j-6.0.3.jar;C:\Archivos\apache-maven-3.8.6\.m2\io\zipkin\brave\brave-instrumentation-http\6.0.3\brave-instrumentation-http-6.0.3.jar;C:\Archivos\apache-maven-3.8.6\.m2\io\zipkin\aws\brave-propagation-aws\1.2.5\brave-propagation-aws-1.2.5.jar;C:\Archivos\apache-maven-3.8.6\.m2\io\zipkin\contrib\brave-propagation-w3c\brave-propagation-tracecontext\0.2.0\brave-propagation-tracecontext-0.2.0.jar;C:\Archivos\apache-maven-3.8.6\.m2\io\zipkin\reporter2\zipkin-reporter-brave\3.4.2\zipkin-reporter-brave-3.4.2.jar;C:\Archivos\apache-maven-3.8.6\.m2\io\zipkin\reporter2\zipkin-reporter\3.4.2\zipkin-reporter-3.4.2.jar;C:\Archivos\apache-maven-3.8.6\.m2\io\github\openfeign\feign-micrometer\13.3\feign-micrometer-13.3.jar;C:\Archivos\apache-maven-3.8.6\.m2\org\jolokia\jolokia-support-spring\2.1.0\jolokia-support-spring-2.1.0.jar;C:\Archivos\apache-maven-3.8.6\.m2\org\jolokia\jolokia-agent-jvm\2.1.0\jolokia-agent-jvm-2.1.0.jar;C:\Archivos\apache-maven-3.8.6\.m2\org\jolokia\jolokia-json\2.1.0\jolokia-json-2.1.0.jar;C:\Archivos\apache-maven-3.8.6\.m2\org\jolokia\jolokia-server-core\2.1.0\jolokia-server-core-2.1.0.jar;C:\Archivos\apache-maven-3.8.6\.m2\org\jolokia\jolokia-server-detector\2.1.0\jolokia-server-detector-2.1.0.jar;C:\Archivos\apache-maven-3.8.6\.m2\org\jolokia\jolokia-service-serializer\2.1.0\jolokia-service-serializer-2.1.0.jar;C:\Archivos\apache-maven-3.8.6\.m2\org\jolokia\jolokia-service-jmx\2.1.0\jolokia-service-jmx-2.1.0.jar;C:\Archivos\apache-maven-3.8.6\.m2\org\jolokia\jolokia-service-discovery\2.1.0\jolokia-service-discovery-2.1.0.jar;C:\Archivos\apache-maven-3.8.6\.m2\org\jolokia\jolokia-service-history\2.1.0\jolokia-service-history-2.1.0.jar;C:\Archivos\apache-maven-3.8.6\.m2\org\jolokia\jolokia-service-jsr160\2.1.0\jolokia-service-jsr160-2.1.0.jar;C:\Archivos\apache-maven-3.8.6\.m2\org\jolokia\jolokia-service-notif-pull\2.1.0\jolokia-service-notif-pull-2.1.0.jar;C:\Archivos\apache-maven-3.8.6\.m2\org\jolokia\jolokia-service-notif-sse\2.1.0\jolokia-service-notif-sse-2.1.0.jar;C:\Archivos\apache-maven-3.8.6\.m2\org\jolokia\jolokia-support-jmx\2.1.0\jolokia-support-jmx-2.1.0.jar;C:\Archivos\apache-maven-3.8.6\.m2\org\springframework\spring-context\6.1.15\spring-context-6.1.15.jar;C:\Archivos\apache-maven-3.8.6\.m2\org\springframework\boot\spring-boot-actuator\3.3.6\spring-boot-actuator-3.3.6.jar
Launcher Type: SUN_STANDARD

[Global flags]
     intx CICompilerCount                          = 4                                         {product} {ergonomic}
     uint ConcGCThreads                            = 2                                         {product} {ergonomic}
     uint G1ConcRefinementThreads                  = 8                                         {product} {ergonomic}
   size_t G1HeapRegionSize                         = 4194304                                   {product} {ergonomic}
    uintx GCDrainStackTargetSize                   = 64                                        {product} {ergonomic}
   size_t InitialHeapSize                          = 536870912                                 {product} {ergonomic}
     bool ManagementServer                         = true                                      {product} {command line}
   size_t MarkStackSize                            = 4194304                                   {product} {ergonomic}
   size_t MaxHeapSize                              = 8560574464                                {product} {ergonomic}
   size_t MaxNewSize                               = 5133828096                                {product} {ergonomic}
   size_t MinHeapDeltaBytes                        = 4194304                                   {product} {ergonomic}
   size_t MinHeapSize                              = 8388608                                   {product} {ergonomic}
    uintx NonNMethodCodeHeapSize                   = 4096                                   {pd product} {ergonomic}
    uintx NonProfiledCodeHeapSize                  = 0                                      {pd product} {ergonomic}
     bool ProfileInterpreter                       = false                                  {pd product} {command line}
    uintx ProfiledCodeHeapSize                     = 0                                      {pd product} {ergonomic}
     bool ShowCodeDetailsInExceptionMessages       = true                                   {manageable} {command line}
   size_t SoftMaxHeapSize                          = 8560574464                             {manageable} {ergonomic}
     intx TieredStopAtLevel                        = 1                                         {product} {command line}
     bool UseCompressedOops                        = true                           {product lp64_product} {ergonomic}
     bool UseG1GC                                  = true                                      {product} {ergonomic}
     bool UseLargePagesIndividualAllocation        = false                                  {pd product} {ergonomic}

Logging:
Log output configuration:
 #0: stdout all=warning uptime,level,tags foldmultilines=false
 #1: stderr all=off uptime,level,tags foldmultilines=false

Environment Variables:
JAVA_HOME=C:\Program Files\Java\jdk-21
PATH=C:/Archivos/eclipse//plugins/org.eclipse.justj.openjdk.hotspot.jre.full.win32.x86_64_23.0.0.v20240919-1706/jre/bin/server;C:/Archivos/eclipse//plugins/org.eclipse.justj.openjdk.hotspot.jre.full.win32.x86_64_23.0.0.v20240919-1706/jre/bin;C:\Program Files\Python310\Scripts\;C:\Program Files\Python310\;C:\Program Files (x86)\Microsoft SDKs\Azure\CLI2\wbin;C:\Archivos\Selenium\WebDriver;C:\Program Files\Java\graalvm-jdk-21+35.1;C:\Program Files\Java\jdk-21\bin;C:\Archivos\apache-maven\bin;C:\Program Files\Common Files\Oracle\Java\javapath;C:\Program Files (x86)\Common Files\Oracle\Java\javapath;C:\Program Files (x86)\NVIDIA Corporation\PhysX\Common;C:\WINDOWS;C:\WINDOWS\system32;C:\WINDOWS\System32\Wbem;C:\WINDOWS\System32\WindowsPowerShell\v1.0\;C:\WINDOWS\System32\OpenSSH\;C:\WINDOWS\system32\config\systemprofile\.dnx\bin;C:\Program Files\dotnet\;C:\Program Files\Microsoft SQL Server\150\Tools\Binn\;C:\Program Files\Microsoft SQL Server\Client SDK\ODBC\130\Tools\Binn\;C:\Program Files (x86)\Microsoft SQL Server\140\Tools\Binn\;C:\Program Files\Microsoft SQL Server\140\DTS\Binn\;C:\Program Files\Microsoft DNX\Dnvm\;C:\Program Files\Microsoft VS Code\bin;C:\ProgramData\chocolatey\bin;C:\Program Files (x86)\Microsoft SQL Server\150\DTS\Binn\;C:\Program Files\Microsoft SQL Server\Client SDK\ODBC\170\Tools\Binn\;C:\Users\javie\AppData\Roaming\nvm;C:\Program Files\nodejs;C:\Program Files (x86)\Intel\Intel(R) Management Engine Components\DAL;C:\Program Files\Intel\Intel(R) Management Engine Components\DAL;C:\Program Files\NVIDIA Corporation\NVIDIA NvDLISR;D:\Android\Android\Sdk\emulator;D:\Android\Android\Sdk\platform-tools;C:\WINDOWS\system32;C:\WINDOWS;C:\WINDOWS\System32\Wbem;C:\WINDOWS\System32\WindowsPowerShell\v1.0\;C:\WINDOWS\System32\OpenSSH\;C:\Program Files (x86)\Microsoft SQL Server\160\DTS\Binn\;C:\Program Files\Azure Data Studio\bin;C:\Program Files (x86)\Groovy\bin;C:\Program Files\RedHat\Podman\;C:\Program Files\Docker\Docker\resources\bin;C:\Program Files\Git\cmd;C:\Program Files\TortoiseGit\bin;C:\Users\javie\AppData\Local\Microsoft\WindowsApps;C:\Users\javie\AppData\Roaming\npm;C:\Users\javie\.dotnet\tools;C:\Users\javie\AppData\Local\Microsoft\WindowsApps;C:\Archivos\sonarqube\scanner-net-framework;C:\Archivos\sonarqube\scanner\bin;C:\Program Files\SmartBear\SoapUI-5.7.0\bin;D:\Trabajo\apache-jmeter\apache-jmeter\bin;D:\Program Files (x86)\SysinternalsSuite;C:\Users\javie\AppData\Local\Microsoft\WinGet\Links;C:\Users\javie\.dotnet\tools;C:\Users\javie\.console-ninja\.bin;C:\Archivos\eclipse;
USERNAME=Javier
OS=Windows_NT
PROCESSOR_IDENTIFIER=Intel64 Family 6 Model 142 Stepping 10, GenuineIntel
TMP=C:\temp
TEMP=C:\temp




---------------  S Y S T E M  ---------------

OS:
 Windows 11 , 64 bit Build 22621 (10.0.22621.4391)
OS uptime: 0 days 3:42 hours
Hyper-V role detected

CPU: total 8 (initial active 8) (4 cores per cpu, 2 threads per core) family 6 model 142 stepping 10 microcode 0xe0, cx8, cmov, fxsr, ht, mmx, 3dnowpref, sse, sse2, sse3, ssse3, sse4.1, sse4.2, popcnt, lzcnt, tsc, tscinvbit, avx, avx2, aes, erms, clmul, bmi1, bmi2, adx, fma, vzeroupper, clflush, clflushopt, hv, rdtscp, f16c
Processor Information for all 8 processors :
  Max Mhz: 1992, Current Mhz: 1792, Mhz Limit: 1792

Memory: 4k page, system-wide physical 32649M (15444M free)
TotalPageFile size 37001M (AvailPageFile size 13811M)
current process WorkingSet (physical memory assigned to process): 464M, peak: 465M
current process commit charge ("private bytes"): 507M, peak: 636M

vm_info: Java HotSpot(TM) 64-Bit Server VM (21+35-LTS-2513) for windows-amd64 JRE (21+35-LTS-2513), built on 2023-08-09T20:25:10Z by "mach5one" with MS VC++ 17.1 (VS2022)

END.
